#
# There is insufficient memory for the Java Runtime Environment to continue.
# Native memory allocation (malloc) failed to allocate 435088 bytes for Chunk::new
# Possible reasons:
#   The system is out of physical RAM or swap space
#   The process is running with CompressedOops enabled, and the Java Heap may be blocking the growth of the native heap
# Possible solutions:
#   Reduce memory load on the system
#   Increase physical memory or swap space
#   Check if swap backing store is full
#   Decrease Java heap size (-Xmx/-Xms)
#   Decrease number of Java threads
#   Decrease Java thread stack sizes (-Xss)
#   Set larger code cache with -XX:ReservedCodeCacheSize=
#   JVM is running with Unscaled Compressed Oops mode in which the Java heap is
#     placed in the first 4GB address space. The Java Heap base address is the
#     maximum limit for the native heap growth. Please use -XX:HeapBaseMinAddress
#     to set the Java Heap base and to place the Java Heap above 4GB virtual address.
# This output file may be truncated or incomplete.
#
#  Out of Memory Error (arena.cpp:191), pid=12216, tid=16780
#
# JRE version: OpenJDK Runtime Environment Temurin-17.0.10+7 (17.0.10+7) (build 17.0.10+7)
# Java VM: OpenJDK 64-Bit Server VM Temurin-17.0.10+7 (17.0.10+7, mixed mode, sharing, tiered, compressed oops, compressed class ptrs, g1 gc, windows-amd64)
# No core dump will be written. Minidumps are not enabled by default on client versions of Windows
#

---------------  S U M M A R Y ------------

Command Line: -Dnet.bytebuddy.agent.attacher.dump= net.bytebuddy.agent.Attacher com.sun.tools.attach.VirtualMachine 1228 C:\Users\dlwog\.gradle\caches\modules-2\files-2.1\net.bytebuddy\byte-buddy-agent\1.14.18\417558ea01fe9f0e8a94af28b9469d281c4e3984\byte-buddy-agent-1.14.18.jar false 

Host: Intel(R) Core(TM) i5-7300HQ CPU @ 2.50GHz, 4 cores, 7G,  Windows 10 , 64 bit Build 19041 (10.0.19041.4717)
Time: Sat Aug 24 21:42:06 2024  Windows 10 , 64 bit Build 19041 (10.0.19041.4717) elapsed time: 0.186835 seconds (0d 0h 0m 0s)

---------------  T H R E A D  ---------------

Current thread (0x00000280f51a3590):  JavaThread "C2 CompilerThread0" daemon [_thread_in_native, id=16780, stack(0x000000dcfbc00000,0x000000dcfbd00000)]


Current CompileTask:
C2:    187  276       4       java.io.StreamTokenizer::nextToken (1266 bytes)

Stack: [0x000000dcfbc00000,0x000000dcfbd00000]
Native frames: (J=compiled Java code, j=interpreted, Vv=VM code, C=native code)
V  [jvm.dll+0x67d2c9]
V  [jvm.dll+0x834afa]
V  [jvm.dll+0x8365be]
V  [jvm.dll+0x836c23]
V  [jvm.dll+0x2477ff]
V  [jvm.dll+0xac514]
V  [jvm.dll+0xacb5c]
V  [jvm.dll+0x3667d7]
V  [jvm.dll+0x330bfa]
V  [jvm.dll+0x33009a]
V  [jvm.dll+0x219ef1]
V  [jvm.dll+0x219311]
V  [jvm.dll+0x1a502d]
V  [jvm.dll+0x2290de]
V  [jvm.dll+0x2272ac]
V  [jvm.dll+0x7e9bb7]
V  [jvm.dll+0x7e3fba]
V  [jvm.dll+0x67c1b5]
C  [ucrtbase.dll+0x21bb2]
C  [KERNEL32.DLL+0x17374]
C  [ntdll.dll+0x4cc91]


---------------  P R O C E S S  ---------------

Threads class SMR info:
_java_thread_list=0x00000280f54aa8a0, length=12, elements={
0x00000280f51746e0, 0x00000280f51752a0, 0x00000280f518a350, 0x00000280f518af10,
0x00000280f518e8f0, 0x00000280f51987d0, 0x00000280f51a3590, 0x00000280f51a4040,
0x00000280f51ae620, 0x00000280f52d06b0, 0x00000280f52d6220, 0x00000280d763fbd0
}

Java Threads: ( => current thread )
  0x00000280f51746e0 JavaThread "Reference Handler" daemon [_thread_blocked, id=1772, stack(0x000000dcfb600000,0x000000dcfb700000)]
  0x00000280f51752a0 JavaThread "Finalizer" daemon [_thread_blocked, id=11940, stack(0x000000dcfb700000,0x000000dcfb800000)]
  0x00000280f518a350 JavaThread "Signal Dispatcher" daemon [_thread_blocked, id=20820, stack(0x000000dcfb800000,0x000000dcfb900000)]
  0x00000280f518af10 JavaThread "Attach Listener" daemon [_thread_blocked, id=21664, stack(0x000000dcfb900000,0x000000dcfba00000)]
  0x00000280f518e8f0 JavaThread "Service Thread" daemon [_thread_blocked, id=13664, stack(0x000000dcfba00000,0x000000dcfbb00000)]
  0x00000280f51987d0 JavaThread "Monitor Deflation Thread" daemon [_thread_blocked, id=15920, stack(0x000000dcfbb00000,0x000000dcfbc00000)]
=>0x00000280f51a3590 JavaThread "C2 CompilerThread0" daemon [_thread_in_native, id=16780, stack(0x000000dcfbc00000,0x000000dcfbd00000)]
  0x00000280f51a4040 JavaThread "C1 CompilerThread0" daemon [_thread_blocked, id=8196, stack(0x000000dcfbd00000,0x000000dcfbe00000)]
  0x00000280f51ae620 JavaThread "Sweeper thread" daemon [_thread_blocked, id=1036, stack(0x000000dcfbe00000,0x000000dcfbf00000)]
  0x00000280f52d06b0 JavaThread "Notification Thread" daemon [_thread_blocked, id=3296, stack(0x000000dcfbf00000,0x000000dcfc000000)]
  0x00000280f52d6220 JavaThread "Common-Cleaner" daemon [_thread_blocked, id=5400, stack(0x000000dcfc100000,0x000000dcfc200000)]
  0x00000280d763fbd0 JavaThread "DestroyJavaVM" [_thread_blocked, id=8444, stack(0x000000dcfaf00000,0x000000dcfb000000)]

Other Threads:
  0x00000280f516ec20 VMThread "VM Thread" [stack: 0x000000dcfb500000,0x000000dcfb600000] [id=16948]
  0x00000280f52d4ba0 WatcherThread [stack: 0x000000dcfc000000,0x000000dcfc100000] [id=21328]
  0x00000280d769ae70 GCTaskThread "GC Thread#0" [stack: 0x000000dcfb000000,0x000000dcfb100000] [id=13552]
  0x00000280d76abb40 ConcurrentGCThread "G1 Main Marker" [stack: 0x000000dcfb100000,0x000000dcfb200000] [id=4516]
  0x00000280d76ac560 ConcurrentGCThread "G1 Conc#0" [stack: 0x000000dcfb200000,0x000000dcfb300000] [id=19660]
  0x00000280d76fe660 ConcurrentGCThread "G1 Refine#0" [stack: 0x000000dcfb300000,0x000000dcfb400000] [id=1256]
  0x00000280f5028230 ConcurrentGCThread "G1 Service" [stack: 0x000000dcfb400000,0x000000dcfb500000] [id=21868]

Threads with active compile tasks:
C2 CompilerThread0      214  276       4       java.io.StreamTokenizer::nextToken (1266 bytes)

VM state: not at safepoint (normal execution)

VM Mutex/Monitor currently owned by a thread: None

Heap address: 0x0000000081400000, size: 2028 MB, Compressed Oops mode: 32-bit

CDS archive(s) mapped at: [0x0000028080000000-0x0000028080bb0000-0x0000028080bb0000), size 12255232, SharedBaseAddress: 0x0000028080000000, ArchiveRelocationMode: 1.
Compressed class space mapped at: 0x0000028081000000-0x00000280c1000000, reserved size: 1073741824
Narrow klass base: 0x0000028080000000, Narrow klass shift: 0, Narrow klass range: 0x100000000

GC Precious Log:
 CPUs: 4 total, 4 available
 Memory: 8106M
 Large Page Support: Disabled
 NUMA Support: Disabled
 Compressed Oops: Enabled (32-bit)
 Heap Region Size: 1M
 Heap Min Capacity: 8M
 Heap Initial Capacity: 128M
 Heap Max Capacity: 2028M
 Pre-touch: Disabled
 Parallel Workers: 4
 Concurrent Workers: 1
 Concurrent Refinement Workers: 4
 Periodic GC: Disabled

Heap:
 garbage-first heap   total 131072K, used 2048K [0x0000000081400000, 0x0000000100000000)
  region size 1024K, 3 young (3072K), 0 survivors (0K)
 Metaspace       used 1053K, committed 1216K, reserved 1114112K
  class space    used 104K, committed 192K, reserved 1048576K

Heap Regions: E=young(eden), S=young(survivor), O=old, HS=humongous(starts), HC=humongous(continues), CS=collection set, F=free, OA=open archive, CA=closed archive, TAMS=top-at-mark-start (previous, next)
|   0|0x0000000081400000, 0x0000000081400000, 0x0000000081500000|  0%| F|  |TAMS 0x0000000081400000, 0x0000000081400000| Untracked 
|   1|0x0000000081500000, 0x0000000081500000, 0x0000000081600000|  0%| F|  |TAMS 0x0000000081500000, 0x0000000081500000| Untracked 
|   2|0x0000000081600000, 0x0000000081600000, 0x0000000081700000|  0%| F|  |TAMS 0x0000000081600000, 0x0000000081600000| Untracked 
|   3|0x0000000081700000, 0x0000000081700000, 0x0000000081800000|  0%| F|  |TAMS 0x0000000081700000, 0x0000000081700000| Untracked 
|   4|0x0000000081800000, 0x0000000081800000, 0x0000000081900000|  0%| F|  |TAMS 0x0000000081800000, 0x0000000081800000| Untracked 
|   5|0x0000000081900000, 0x0000000081900000, 0x0000000081a00000|  0%| F|  |TAMS 0x0000000081900000, 0x0000000081900000| Untracked 
|   6|0x0000000081a00000, 0x0000000081a00000, 0x0000000081b00000|  0%| F|  |TAMS 0x0000000081a00000, 0x0000000081a00000| Untracked 
|   7|0x0000000081b00000, 0x0000000081b00000, 0x0000000081c00000|  0%| F|  |TAMS 0x0000000081b00000, 0x0000000081b00000| Untracked 
|   8|0x0000000081c00000, 0x0000000081c00000, 0x0000000081d00000|  0%| F|  |TAMS 0x0000000081c00000, 0x0000000081c00000| Untracked 
|   9|0x0000000081d00000, 0x0000000081d00000, 0x0000000081e00000|  0%| F|  |TAMS 0x0000000081d00000, 0x0000000081d00000| Untracked 
|  10|0x0000000081e00000, 0x0000000081e00000, 0x0000000081f00000|  0%| F|  |TAMS 0x0000000081e00000, 0x0000000081e00000| Untracked 
|  11|0x0000000081f00000, 0x0000000081f00000, 0x0000000082000000|  0%| F|  |TAMS 0x0000000081f00000, 0x0000000081f00000| Untracked 
|  12|0x0000000082000000, 0x0000000082000000, 0x0000000082100000|  0%| F|  |TAMS 0x0000000082000000, 0x0000000082000000| Untracked 
|  13|0x0000000082100000, 0x0000000082100000, 0x0000000082200000|  0%| F|  |TAMS 0x0000000082100000, 0x0000000082100000| Untracked 
|  14|0x0000000082200000, 0x0000000082200000, 0x0000000082300000|  0%| F|  |TAMS 0x0000000082200000, 0x0000000082200000| Untracked 
|  15|0x0000000082300000, 0x0000000082300000, 0x0000000082400000|  0%| F|  |TAMS 0x0000000082300000, 0x0000000082300000| Untracked 
|  16|0x0000000082400000, 0x0000000082400000, 0x0000000082500000|  0%| F|  |TAMS 0x0000000082400000, 0x0000000082400000| Untracked 
|  17|0x0000000082500000, 0x0000000082500000, 0x0000000082600000|  0%| F|  |TAMS 0x0000000082500000, 0x0000000082500000| Untracked 
|  18|0x0000000082600000, 0x0000000082600000, 0x0000000082700000|  0%| F|  |TAMS 0x0000000082600000, 0x0000000082600000| Untracked 
|  19|0x0000000082700000, 0x0000000082700000, 0x0000000082800000|  0%| F|  |TAMS 0x0000000082700000, 0x0000000082700000| Untracked 
|  20|0x0000000082800000, 0x0000000082800000, 0x0000000082900000|  0%| F|  |TAMS 0x0000000082800000, 0x0000000082800000| Untracked 
|  21|0x0000000082900000, 0x0000000082900000, 0x0000000082a00000|  0%| F|  |TAMS 0x0000000082900000, 0x0000000082900000| Untracked 
|  22|0x0000000082a00000, 0x0000000082a00000, 0x0000000082b00000|  0%| F|  |TAMS 0x0000000082a00000, 0x0000000082a00000| Untracked 
|  23|0x0000000082b00000, 0x0000000082b00000, 0x0000000082c00000|  0%| F|  |TAMS 0x0000000082b00000, 0x0000000082b00000| Untracked 
|  24|0x0000000082c00000, 0x0000000082c00000, 0x0000000082d00000|  0%| F|  |TAMS 0x0000000082c00000, 0x0000000082c00000| Untracked 
|  25|0x0000000082d00000, 0x0000000082d00000, 0x0000000082e00000|  0%| F|  |TAMS 0x0000000082d00000, 0x0000000082d00000| Untracked 
|  26|0x0000000082e00000, 0x0000000082e00000, 0x0000000082f00000|  0%| F|  |TAMS 0x0000000082e00000, 0x0000000082e00000| Untracked 
|  27|0x0000000082f00000, 0x0000000082f00000, 0x0000000083000000|  0%| F|  |TAMS 0x0000000082f00000, 0x0000000082f00000| Untracked 
|  28|0x0000000083000000, 0x0000000083000000, 0x0000000083100000|  0%| F|  |TAMS 0x0000000083000000, 0x0000000083000000| Untracked 
|  29|0x0000000083100000, 0x0000000083100000, 0x0000000083200000|  0%| F|  |TAMS 0x0000000083100000, 0x0000000083100000| Untracked 
|  30|0x0000000083200000, 0x0000000083200000, 0x0000000083300000|  0%| F|  |TAMS 0x0000000083200000, 0x0000000083200000| Untracked 
|  31|0x0000000083300000, 0x0000000083300000, 0x0000000083400000|  0%| F|  |TAMS 0x0000000083300000, 0x0000000083300000| Untracked 
|  32|0x0000000083400000, 0x0000000083400000, 0x0000000083500000|  0%| F|  |TAMS 0x0000000083400000, 0x0000000083400000| Untracked 
|  33|0x0000000083500000, 0x0000000083500000, 0x0000000083600000|  0%| F|  |TAMS 0x0000000083500000, 0x0000000083500000| Untracked 
|  34|0x0000000083600000, 0x0000000083600000, 0x0000000083700000|  0%| F|  |TAMS 0x0000000083600000, 0x0000000083600000| Untracked 
|  35|0x0000000083700000, 0x0000000083700000, 0x0000000083800000|  0%| F|  |TAMS 0x0000000083700000, 0x0000000083700000| Untracked 
|  36|0x0000000083800000, 0x0000000083800000, 0x0000000083900000|  0%| F|  |TAMS 0x0000000083800000, 0x0000000083800000| Untracked 
|  37|0x0000000083900000, 0x0000000083900000, 0x0000000083a00000|  0%| F|  |TAMS 0x0000000083900000, 0x0000000083900000| Untracked 
|  38|0x0000000083a00000, 0x0000000083a00000, 0x0000000083b00000|  0%| F|  |TAMS 0x0000000083a00000, 0x0000000083a00000| Untracked 
|  39|0x0000000083b00000, 0x0000000083b00000, 0x0000000083c00000|  0%| F|  |TAMS 0x0000000083b00000, 0x0000000083b00000| Untracked 
|  40|0x0000000083c00000, 0x0000000083c00000, 0x0000000083d00000|  0%| F|  |TAMS 0x0000000083c00000, 0x0000000083c00000| Untracked 
|  41|0x0000000083d00000, 0x0000000083d00000, 0x0000000083e00000|  0%| F|  |TAMS 0x0000000083d00000, 0x0000000083d00000| Untracked 
|  42|0x0000000083e00000, 0x0000000083e00000, 0x0000000083f00000|  0%| F|  |TAMS 0x0000000083e00000, 0x0000000083e00000| Untracked 
|  43|0x0000000083f00000, 0x0000000083f00000, 0x0000000084000000|  0%| F|  |TAMS 0x0000000083f00000, 0x0000000083f00000| Untracked 
|  44|0x0000000084000000, 0x0000000084000000, 0x0000000084100000|  0%| F|  |TAMS 0x0000000084000000, 0x0000000084000000| Untracked 
|  45|0x0000000084100000, 0x0000000084100000, 0x0000000084200000|  0%| F|  |TAMS 0x0000000084100000, 0x0000000084100000| Untracked 
|  46|0x0000000084200000, 0x0000000084200000, 0x0000000084300000|  0%| F|  |TAMS 0x0000000084200000, 0x0000000084200000| Untracked 
|  47|0x0000000084300000, 0x0000000084300000, 0x0000000084400000|  0%| F|  |TAMS 0x0000000084300000, 0x0000000084300000| Untracked 
|  48|0x0000000084400000, 0x0000000084400000, 0x0000000084500000|  0%| F|  |TAMS 0x0000000084400000, 0x0000000084400000| Untracked 
|  49|0x0000000084500000, 0x0000000084500000, 0x0000000084600000|  0%| F|  |TAMS 0x0000000084500000, 0x0000000084500000| Untracked 
|  50|0x0000000084600000, 0x0000000084600000, 0x0000000084700000|  0%| F|  |TAMS 0x0000000084600000, 0x0000000084600000| Untracked 
|  51|0x0000000084700000, 0x0000000084700000, 0x0000000084800000|  0%| F|  |TAMS 0x0000000084700000, 0x0000000084700000| Untracked 
|  52|0x0000000084800000, 0x0000000084800000, 0x0000000084900000|  0%| F|  |TAMS 0x0000000084800000, 0x0000000084800000| Untracked 
|  53|0x0000000084900000, 0x0000000084900000, 0x0000000084a00000|  0%| F|  |TAMS 0x0000000084900000, 0x0000000084900000| Untracked 
|  54|0x0000000084a00000, 0x0000000084a00000, 0x0000000084b00000|  0%| F|  |TAMS 0x0000000084a00000, 0x0000000084a00000| Untracked 
|  55|0x0000000084b00000, 0x0000000084b00000, 0x0000000084c00000|  0%| F|  |TAMS 0x0000000084b00000, 0x0000000084b00000| Untracked 
|  56|0x0000000084c00000, 0x0000000084c00000, 0x0000000084d00000|  0%| F|  |TAMS 0x0000000084c00000, 0x0000000084c00000| Untracked 
|  57|0x0000000084d00000, 0x0000000084d00000, 0x0000000084e00000|  0%| F|  |TAMS 0x0000000084d00000, 0x0000000084d00000| Untracked 
|  58|0x0000000084e00000, 0x0000000084e00000, 0x0000000084f00000|  0%| F|  |TAMS 0x0000000084e00000, 0x0000000084e00000| Untracked 
|  59|0x0000000084f00000, 0x0000000084f00000, 0x0000000085000000|  0%| F|  |TAMS 0x0000000084f00000, 0x0000000084f00000| Untracked 
|  60|0x0000000085000000, 0x0000000085000000, 0x0000000085100000|  0%| F|  |TAMS 0x0000000085000000, 0x0000000085000000| Untracked 
|  61|0x0000000085100000, 0x0000000085100000, 0x0000000085200000|  0%| F|  |TAMS 0x0000000085100000, 0x0000000085100000| Untracked 
|  62|0x0000000085200000, 0x0000000085200000, 0x0000000085300000|  0%| F|  |TAMS 0x0000000085200000, 0x0000000085200000| Untracked 
|  63|0x0000000085300000, 0x0000000085300000, 0x0000000085400000|  0%| F|  |TAMS 0x0000000085300000, 0x0000000085300000| Untracked 
|  64|0x0000000085400000, 0x0000000085400000, 0x0000000085500000|  0%| F|  |TAMS 0x0000000085400000, 0x0000000085400000| Untracked 
|  65|0x0000000085500000, 0x0000000085500000, 0x0000000085600000|  0%| F|  |TAMS 0x0000000085500000, 0x0000000085500000| Untracked 
|  66|0x0000000085600000, 0x0000000085600000, 0x0000000085700000|  0%| F|  |TAMS 0x0000000085600000, 0x0000000085600000| Untracked 
|  67|0x0000000085700000, 0x0000000085700000, 0x0000000085800000|  0%| F|  |TAMS 0x0000000085700000, 0x0000000085700000| Untracked 
|  68|0x0000000085800000, 0x0000000085800000, 0x0000000085900000|  0%| F|  |TAMS 0x0000000085800000, 0x0000000085800000| Untracked 
|  69|0x0000000085900000, 0x0000000085900000, 0x0000000085a00000|  0%| F|  |TAMS 0x0000000085900000, 0x0000000085900000| Untracked 
|  70|0x0000000085a00000, 0x0000000085a00000, 0x0000000085b00000|  0%| F|  |TAMS 0x0000000085a00000, 0x0000000085a00000| Untracked 
|  71|0x0000000085b00000, 0x0000000085b00000, 0x0000000085c00000|  0%| F|  |TAMS 0x0000000085b00000, 0x0000000085b00000| Untracked 
|  72|0x0000000085c00000, 0x0000000085c00000, 0x0000000085d00000|  0%| F|  |TAMS 0x0000000085c00000, 0x0000000085c00000| Untracked 
|  73|0x0000000085d00000, 0x0000000085d00000, 0x0000000085e00000|  0%| F|  |TAMS 0x0000000085d00000, 0x0000000085d00000| Untracked 
|  74|0x0000000085e00000, 0x0000000085e00000, 0x0000000085f00000|  0%| F|  |TAMS 0x0000000085e00000, 0x0000000085e00000| Untracked 
|  75|0x0000000085f00000, 0x0000000085f00000, 0x0000000086000000|  0%| F|  |TAMS 0x0000000085f00000, 0x0000000085f00000| Untracked 
|  76|0x0000000086000000, 0x0000000086000000, 0x0000000086100000|  0%| F|  |TAMS 0x0000000086000000, 0x0000000086000000| Untracked 
|  77|0x0000000086100000, 0x0000000086100000, 0x0000000086200000|  0%| F|  |TAMS 0x0000000086100000, 0x0000000086100000| Untracked 
|  78|0x0000000086200000, 0x0000000086200000, 0x0000000086300000|  0%| F|  |TAMS 0x0000000086200000, 0x0000000086200000| Untracked 
|  79|0x0000000086300000, 0x0000000086300000, 0x0000000086400000|  0%| F|  |TAMS 0x0000000086300000, 0x0000000086300000| Untracked 
|  80|0x0000000086400000, 0x0000000086400000, 0x0000000086500000|  0%| F|  |TAMS 0x0000000086400000, 0x0000000086400000| Untracked 
|  81|0x0000000086500000, 0x0000000086500000, 0x0000000086600000|  0%| F|  |TAMS 0x0000000086500000, 0x0000000086500000| Untracked 
|  82|0x0000000086600000, 0x0000000086600000, 0x0000000086700000|  0%| F|  |TAMS 0x0000000086600000, 0x0000000086600000| Untracked 
|  83|0x0000000086700000, 0x0000000086700000, 0x0000000086800000|  0%| F|  |TAMS 0x0000000086700000, 0x0000000086700000| Untracked 
|  84|0x0000000086800000, 0x0000000086800000, 0x0000000086900000|  0%| F|  |TAMS 0x0000000086800000, 0x0000000086800000| Untracked 
|  85|0x0000000086900000, 0x0000000086900000, 0x0000000086a00000|  0%| F|  |TAMS 0x0000000086900000, 0x0000000086900000| Untracked 
|  86|0x0000000086a00000, 0x0000000086a00000, 0x0000000086b00000|  0%| F|  |TAMS 0x0000000086a00000, 0x0000000086a00000| Untracked 
|  87|0x0000000086b00000, 0x0000000086b00000, 0x0000000086c00000|  0%| F|  |TAMS 0x0000000086b00000, 0x0000000086b00000| Untracked 
|  88|0x0000000086c00000, 0x0000000086c00000, 0x0000000086d00000|  0%| F|  |TAMS 0x0000000086c00000, 0x0000000086c00000| Untracked 
|  89|0x0000000086d00000, 0x0000000086d00000, 0x0000000086e00000|  0%| F|  |TAMS 0x0000000086d00000, 0x0000000086d00000| Untracked 
|  90|0x0000000086e00000, 0x0000000086e00000, 0x0000000086f00000|  0%| F|  |TAMS 0x0000000086e00000, 0x0000000086e00000| Untracked 
|  91|0x0000000086f00000, 0x0000000086f00000, 0x0000000087000000|  0%| F|  |TAMS 0x0000000086f00000, 0x0000000086f00000| Untracked 
|  92|0x0000000087000000, 0x0000000087000000, 0x0000000087100000|  0%| F|  |TAMS 0x0000000087000000, 0x0000000087000000| Untracked 
|  93|0x0000000087100000, 0x0000000087100000, 0x0000000087200000|  0%| F|  |TAMS 0x0000000087100000, 0x0000000087100000| Untracked 
|  94|0x0000000087200000, 0x0000000087200000, 0x0000000087300000|  0%| F|  |TAMS 0x0000000087200000, 0x0000000087200000| Untracked 
|  95|0x0000000087300000, 0x0000000087300000, 0x0000000087400000|  0%| F|  |TAMS 0x0000000087300000, 0x0000000087300000| Untracked 
|  96|0x0000000087400000, 0x0000000087400000, 0x0000000087500000|  0%| F|  |TAMS 0x0000000087400000, 0x0000000087400000| Untracked 
|  97|0x0000000087500000, 0x0000000087500000, 0x0000000087600000|  0%| F|  |TAMS 0x0000000087500000, 0x0000000087500000| Untracked 
|  98|0x0000000087600000, 0x0000000087600000, 0x0000000087700000|  0%| F|  |TAMS 0x0000000087600000, 0x0000000087600000| Untracked 
|  99|0x0000000087700000, 0x0000000087700000, 0x0000000087800000|  0%| F|  |TAMS 0x0000000087700000, 0x0000000087700000| Untracked 
| 100|0x0000000087800000, 0x0000000087800000, 0x0000000087900000|  0%| F|  |TAMS 0x0000000087800000, 0x0000000087800000| Untracked 
| 101|0x0000000087900000, 0x0000000087900000, 0x0000000087a00000|  0%| F|  |TAMS 0x0000000087900000, 0x0000000087900000| Untracked 
| 102|0x0000000087a00000, 0x0000000087a00000, 0x0000000087b00000|  0%| F|  |TAMS 0x0000000087a00000, 0x0000000087a00000| Untracked 
| 103|0x0000000087b00000, 0x0000000087b00000, 0x0000000087c00000|  0%| F|  |TAMS 0x0000000087b00000, 0x0000000087b00000| Untracked 
| 104|0x0000000087c00000, 0x0000000087c00000, 0x0000000087d00000|  0%| F|  |TAMS 0x0000000087c00000, 0x0000000087c00000| Untracked 
| 105|0x0000000087d00000, 0x0000000087d00000, 0x0000000087e00000|  0%| F|  |TAMS 0x0000000087d00000, 0x0000000087d00000| Untracked 
| 106|0x0000000087e00000, 0x0000000087e00000, 0x0000000087f00000|  0%| F|  |TAMS 0x0000000087e00000, 0x0000000087e00000| Untracked 
| 107|0x0000000087f00000, 0x0000000087f00000, 0x0000000088000000|  0%| F|  |TAMS 0x0000000087f00000, 0x0000000087f00000| Untracked 
| 108|0x0000000088000000, 0x0000000088000000, 0x0000000088100000|  0%| F|  |TAMS 0x0000000088000000, 0x0000000088000000| Untracked 
| 109|0x0000000088100000, 0x0000000088100000, 0x0000000088200000|  0%| F|  |TAMS 0x0000000088100000, 0x0000000088100000| Untracked 
| 110|0x0000000088200000, 0x0000000088200000, 0x0000000088300000|  0%| F|  |TAMS 0x0000000088200000, 0x0000000088200000| Untracked 
| 111|0x0000000088300000, 0x0000000088300000, 0x0000000088400000|  0%| F|  |TAMS 0x0000000088300000, 0x0000000088300000| Untracked 
| 112|0x0000000088400000, 0x0000000088400000, 0x0000000088500000|  0%| F|  |TAMS 0x0000000088400000, 0x0000000088400000| Untracked 
| 113|0x0000000088500000, 0x0000000088500000, 0x0000000088600000|  0%| F|  |TAMS 0x0000000088500000, 0x0000000088500000| Untracked 
| 114|0x0000000088600000, 0x0000000088600000, 0x0000000088700000|  0%| F|  |TAMS 0x0000000088600000, 0x0000000088600000| Untracked 
| 115|0x0000000088700000, 0x0000000088700000, 0x0000000088800000|  0%| F|  |TAMS 0x0000000088700000, 0x0000000088700000| Untracked 
| 116|0x0000000088800000, 0x0000000088800000, 0x0000000088900000|  0%| F|  |TAMS 0x0000000088800000, 0x0000000088800000| Untracked 
| 117|0x0000000088900000, 0x0000000088900000, 0x0000000088a00000|  0%| F|  |TAMS 0x0000000088900000, 0x0000000088900000| Untracked 
| 118|0x0000000088a00000, 0x0000000088a00000, 0x0000000088b00000|  0%| F|  |TAMS 0x0000000088a00000, 0x0000000088a00000| Untracked 
| 119|0x0000000088b00000, 0x0000000088b00000, 0x0000000088c00000|  0%| F|  |TAMS 0x0000000088b00000, 0x0000000088b00000| Untracked 
| 120|0x0000000088c00000, 0x0000000088c00000, 0x0000000088d00000|  0%| F|  |TAMS 0x0000000088c00000, 0x0000000088c00000| Untracked 
| 121|0x0000000088d00000, 0x0000000088d00000, 0x0000000088e00000|  0%| F|  |TAMS 0x0000000088d00000, 0x0000000088d00000| Untracked 
| 122|0x0000000088e00000, 0x0000000088e00000, 0x0000000088f00000|  0%| F|  |TAMS 0x0000000088e00000, 0x0000000088e00000| Untracked 
| 123|0x0000000088f00000, 0x0000000088f00000, 0x0000000089000000|  0%| F|  |TAMS 0x0000000088f00000, 0x0000000088f00000| Untracked 
| 124|0x0000000089000000, 0x0000000089000000, 0x0000000089100000|  0%| F|  |TAMS 0x0000000089000000, 0x0000000089000000| Untracked 
| 125|0x0000000089100000, 0x0000000089185b88, 0x0000000089200000| 52%| E|  |TAMS 0x0000000089100000, 0x0000000089100000| Complete 
| 126|0x0000000089200000, 0x0000000089300000, 0x0000000089300000|100%| E|CS|TAMS 0x0000000089200000, 0x0000000089200000| Complete 
| 127|0x0000000089300000, 0x0000000089400000, 0x0000000089400000|100%| E|CS|TAMS 0x0000000089300000, 0x0000000089300000| Complete 

Card table byte_map: [0x00000280ee570000,0x00000280ee970000] _byte_map_base: 0x00000280ee166000

Marking Bits (Prev, Next): (CMBitMap*) 0x00000280d769b490, (CMBitMap*) 0x00000280d769b4d0
 Prev Bits: [0x00000280eed70000, 0x00000280f0d20000)
 Next Bits: [0x00000280f0d20000, 0x00000280f2cd0000)

Polling page: 0x00000280d55d0000

Metaspace:

Usage:
  Non-class:    949.70 KB used.
      Class:    104.11 KB used.
       Both:      1.03 MB used.

Virtual space:
  Non-class space:       64.00 MB reserved,       1.00 MB (  2%) committed,  1 nodes.
      Class space:        1.00 GB reserved,     192.00 KB ( <1%) committed,  1 nodes.
             Both:        1.06 GB reserved,       1.19 MB ( <1%) committed. 

Chunk freelists:
   Non-Class:  11.74 MB
       Class:  15.68 MB
        Both:  27.42 MB

MaxMetaspaceSize: unlimited
CompressedClassSpaceSize: 1.00 GB
Initial GC threshold: 21.00 MB
Current GC threshold: 21.00 MB
CDS: on
MetaspaceReclaimPolicy: balanced
 - commit_granule_bytes: 65536.
 - commit_granule_words: 8192.
 - virtual_space_node_default_size: 8388608.
 - enlarge_chunks_in_place: 1.
 - new_chunks_are_fully_committed: 0.
 - uncommit_free_chunks: 1.
 - use_allocation_guard: 0.
 - handle_deallocations: 1.


Internal statistics:

num_allocs_failed_limit: 0.
num_arena_births: 52.
num_arena_deaths: 0.
num_vsnodes_births: 2.
num_vsnodes_deaths: 0.
num_space_committed: 19.
num_space_uncommitted: 0.
num_chunks_returned_to_freelist: 0.
num_chunks_taken_from_freelist: 78.
num_chunk_merges: 0.
num_chunk_splits: 47.
num_chunks_enlarged: 31.
num_inconsistent_stats: 0.

CodeHeap 'non-profiled nmethods': size=120000Kb used=104Kb max_used=104Kb free=119896Kb
 bounds [0x00000280e6c40000, 0x00000280e6eb0000, 0x00000280ee170000]
CodeHeap 'profiled nmethods': size=120000Kb used=465Kb max_used=465Kb free=119534Kb
 bounds [0x00000280df170000, 0x00000280df3e0000, 0x00000280e66a0000]
CodeHeap 'non-nmethods': size=5760Kb used=1128Kb max_used=1128Kb free=4632Kb
 bounds [0x00000280e66a0000, 0x00000280e6910000, 0x00000280e6c40000]
 total_blobs=749 nmethods=338 adapters=324
 compilation: enabled
              stopped_count=0, restarted_count=0
 full_count=0

Compilation events (20 events):
Event: 0.172 Thread 0x00000280f51a4040 nmethod 321 0x00000280df1dc110 code [0x00000280df1dc2e0, 0x00000280df1dc868]
Event: 0.172 Thread 0x00000280f51a4040  319       3       jdk.internal.org.objectweb.asm.MethodWriter::visitVarInsn (302 bytes)
Event: 0.172 Thread 0x00000280f51a4040 nmethod 319 0x00000280df1dca10 code [0x00000280df1dcc60, 0x00000280df1dd608]
Event: 0.172 Thread 0x00000280f51a4040  323       3       java.lang.invoke.MethodType::checkPtypes (76 bytes)
Event: 0.173 Thread 0x00000280f51a4040 nmethod 323 0x00000280df1dd890 code [0x00000280df1ddb00, 0x00000280df1de468]
Event: 0.173 Thread 0x00000280f51a4040  326       3       java.lang.invoke.LambdaForm$Name::useCount (51 bytes)
Event: 0.173 Thread 0x00000280f51a4040 nmethod 326 0x00000280df1de810 code [0x00000280df1de9c0, 0x00000280df1dec38]
Event: 0.173 Thread 0x00000280f51a4040  320       3       java.lang.invoke.MethodType::equals (56 bytes)
Event: 0.173 Thread 0x00000280f51a4040 nmethod 320 0x00000280df1ded10 code [0x00000280df1def40, 0x00000280df1dfad8]
Event: 0.173 Thread 0x00000280f51a4040  322       3       java.lang.invoke.MethodType::equals (31 bytes)
Event: 0.174 Thread 0x00000280f51a4040 nmethod 322 0x00000280df1dfc90 code [0x00000280df1dfe40, 0x00000280df1e0028]
Event: 0.174 Thread 0x00000280f51a4040  328       3       java.util.Arrays::copyOf (40 bytes)
Event: 0.174 Thread 0x00000280f51a4040 nmethod 328 0x00000280df1e0110 code [0x00000280df1e0300, 0x00000280df1e09e8]
Event: 0.174 Thread 0x00000280f51a4040  331       3       java.lang.invoke.MemberName::getReferenceKind (12 bytes)
Event: 0.174 Thread 0x00000280f51a4040 nmethod 331 0x00000280df1e0c10 code [0x00000280df1e0da0, 0x00000280df1e0eb8]
Event: 0.174 Thread 0x00000280f51a4040  324       3       java.lang.invoke.MethodType::parameterCount (6 bytes)
Event: 0.174 Thread 0x00000280f51a4040 nmethod 324 0x00000280df1e0f90 code [0x00000280df1e1120, 0x00000280df1e1238]
Event: 0.174 Thread 0x00000280f51a4040  333       3       jdk.internal.org.objectweb.asm.ByteVector::put12 (64 bytes)
Event: 0.174 Thread 0x00000280f51a4040 nmethod 333 0x00000280df1e1310 code [0x00000280df1e14c0, 0x00000280df1e16e8]
Event: 0.174 Thread 0x00000280f51a4040  334       3       java.lang.invoke.MethodTypeForm::canonicalizeAll (63 bytes)

GC Heap History (0 events):
No events

Dll operation events (8 events):
Event: 0.017 Loaded shared library C:\Users\dlwog\.jdks\temurin-17.0.10\bin\java.dll
Event: 0.038 Loaded shared library C:\Users\dlwog\.jdks\temurin-17.0.10\bin\jsvml.dll
Event: 0.083 Loaded shared library C:\Users\dlwog\.jdks\temurin-17.0.10\bin\net.dll
Event: 0.087 Loaded shared library C:\Users\dlwog\.jdks\temurin-17.0.10\bin\nio.dll
Event: 0.092 Loaded shared library C:\Users\dlwog\.jdks\temurin-17.0.10\bin\zip.dll
Event: 0.096 Loaded shared library C:\Users\dlwog\.jdks\temurin-17.0.10\bin\verify.dll
Event: 0.098 Loaded shared library C:\Users\dlwog\.jdks\temurin-17.0.10\bin\jimage.dll
Event: 0.106 Loaded shared library C:\Users\dlwog\.jdks\temurin-17.0.10\bin\attach.dll

Deoptimization events (4 events):
Event: 0.156 Thread 0x00000280d763fbd0 Uncommon trap: trap_request=0xffffff45 fr.pc=0x00000280e6c55318 relative=0x0000000000000278
Event: 0.156 Thread 0x00000280d763fbd0 Uncommon trap: reason=unstable_if action=reinterpret pc=0x00000280e6c55318 method=java.io.BufferedReader.read()I @ 19 c2
Event: 0.156 Thread 0x00000280d763fbd0 DEOPT PACKING pc=0x00000280e6c55318 sp=0x000000dcfaffe630
Event: 0.156 Thread 0x00000280d763fbd0 DEOPT UNPACKING pc=0x00000280e66f69a3 sp=0x000000dcfaffe570 mode 2

Classes unloaded (0 events):
No events

Classes redefined (0 events):
No events

Internal exceptions (4 events):
Event: 0.160 Thread 0x00000280d763fbd0 Exception <a 'java/lang/NoSuchMethodError'{0x00000000892f0fe8}: 'java.lang.Object java.lang.invoke.DirectMethodHandle$Holder.invokeStaticInit(java.lang.Object)'> (0x00000000892f0fe8) 
thrown [s\src\hotspot\share\interpreter\linkResolver.cpp, line 759]
Event: 0.162 Thread 0x00000280d763fbd0 Exception <a 'java/lang/NoSuchMethodError'{0x00000000892fdbc0}: 'java.lang.Object java.lang.invoke.DirectMethodHandle$Holder.invokeStaticInit(java.lang.Object, java.lang.Object, long, java.lang.Object)'> (0x00000000892fdbc0) 
thrown [s\src\hotspot\share\interpreter\linkResolver.cpp, line 759]
Event: 0.163 Thread 0x00000280d763fbd0 Exception <a 'java/lang/NoSuchMethodError'{0x0000000089104588}: 'java.lang.Object java.lang.invoke.DirectMethodHandle$Holder.newInvokeSpecial(java.lang.Object, java.lang.Object, long)'> (0x0000000089104588) 
thrown [s\src\hotspot\share\interpreter\linkResolver.cpp, line 759]
Event: 0.163 Thread 0x00000280d763fbd0 Exception <a 'java/lang/NoSuchMethodError'{0x00000000891080f8}: 'java.lang.Object java.lang.invoke.Invokers$Holder.linkToTargetMethod(java.lang.Object, long, java.lang.Object)'> (0x00000000891080f8) 
thrown [s\src\hotspot\share\interpreter\linkResolver.cpp, line 759]

VM Operations (2 events):
Event: 0.093 Executing VM operation: HandshakeAllThreads
Event: 0.093 Executing VM operation: HandshakeAllThreads done

Events (20 events):
Event: 0.164 loading class java/util/concurrent/RejectedExecutionHandler done
Event: 0.164 loading class java/util/concurrent/ThreadPoolExecutor$AbortPolicy done
Event: 0.164 loading class java/util/concurrent/SynchronousQueue
Event: 0.164 loading class java/util/concurrent/BlockingQueue
Event: 0.164 loading class java/util/concurrent/BlockingQueue done
Event: 0.164 loading class java/util/AbstractQueue
Event: 0.164 loading class java/util/AbstractQueue done
Event: 0.164 loading class java/util/concurrent/SynchronousQueue done
Event: 0.164 loading class java/util/concurrent/SynchronousQueue$TransferStack
Event: 0.164 loading class java/util/concurrent/SynchronousQueue$Transferer
Event: 0.164 loading class java/util/concurrent/SynchronousQueue$Transferer done
Event: 0.164 loading class java/util/concurrent/SynchronousQueue$TransferStack done
Event: 0.165 loading class java/util/concurrent/SynchronousQueue$TransferStack$SNode
Event: 0.165 loading class java/util/concurrent/ForkJoinPool$ManagedBlocker
Event: 0.165 loading class java/util/concurrent/ForkJoinPool$ManagedBlocker done
Event: 0.165 loading class java/util/concurrent/SynchronousQueue$TransferStack$SNode done
Event: 0.165 loading class java/util/concurrent/locks/AbstractQueuedSynchronizer$ConditionObject
Event: 0.165 loading class java/util/concurrent/locks/Condition
Event: 0.165 loading class java/util/concurrent/locks/Condition done
Event: 0.165 loading class java/util/concurrent/locks/AbstractQueuedSynchronizer$ConditionObject done


Dynamic libraries:
0x00007ff700650000 - 0x00007ff70065e000 	C:\Users\dlwog\.jdks\temurin-17.0.10\bin\java.exe
0x00007ffec5410000 - 0x00007ffec5608000 	C:\WINDOWS\SYSTEM32\ntdll.dll
0x00007ffec5120000 - 0x00007ffec51e1000 	C:\WINDOWS\System32\KERNEL32.DLL
0x00007ffec2f90000 - 0x00007ffec328d000 	C:\WINDOWS\System32\KERNELBASE.dll
0x00007ffec2bd0000 - 0x00007ffec2cd0000 	C:\WINDOWS\System32\ucrtbase.dll
0x00007ffeb91f0000 - 0x00007ffeb920b000 	C:\Users\dlwog\.jdks\temurin-17.0.10\bin\VCRUNTIME140.dll
0x00007ffeb91d0000 - 0x00007ffeb91e7000 	C:\Users\dlwog\.jdks\temurin-17.0.10\bin\jli.dll
0x00007ffec4590000 - 0x00007ffec472d000 	C:\WINDOWS\System32\USER32.dll
0x00007ffec2ba0000 - 0x00007ffec2bc2000 	C:\WINDOWS\System32\win32u.dll
0x00007ffea63b0000 - 0x00007ffea664a000 	C:\WINDOWS\WinSxS\amd64_microsoft.windows.common-controls_6595b64144ccf1df_6.0.19041.4355_none_60b8b9eb71f62e16\COMCTL32.dll
0x00007ffec5020000 - 0x00007ffec504b000 	C:\WINDOWS\System32\GDI32.dll
0x00007ffec3290000 - 0x00007ffec33a7000 	C:\WINDOWS\System32\gdi32full.dll
0x00007ffec2cd0000 - 0x00007ffec2d6d000 	C:\WINDOWS\System32\msvcp_win.dll
0x00007ffec5080000 - 0x00007ffec511e000 	C:\WINDOWS\System32\msvcrt.dll
0x00007ffec5050000 - 0x00007ffec507f000 	C:\WINDOWS\System32\IMM32.DLL
0x00007ffeb91c0000 - 0x00007ffeb91cc000 	C:\Users\dlwog\.jdks\temurin-17.0.10\bin\vcruntime140_1.dll
0x00007ffe97be0000 - 0x00007ffe97c6d000 	C:\Users\dlwog\.jdks\temurin-17.0.10\bin\msvcp140.dll
0x00007ffe39150000 - 0x00007ffe39db2000 	C:\Users\dlwog\.jdks\temurin-17.0.10\bin\server\jvm.dll
0x00007ffec4820000 - 0x00007ffec48d0000 	C:\WINDOWS\System32\ADVAPI32.dll
0x00007ffec52c0000 - 0x00007ffec5360000 	C:\WINDOWS\System32\sechost.dll
0x00007ffec4ef0000 - 0x00007ffec5013000 	C:\WINDOWS\System32\RPCRT4.dll
0x00007ffec2ac0000 - 0x00007ffec2ae7000 	C:\WINDOWS\System32\bcrypt.dll
0x00007ffec1ff0000 - 0x00007ffec203b000 	C:\WINDOWS\SYSTEM32\POWRPROF.dll
0x00007ffe95fb0000 - 0x00007ffe95fb9000 	C:\WINDOWS\SYSTEM32\WSOCK32.dll
0x00007ffeace70000 - 0x00007ffeace97000 	C:\WINDOWS\SYSTEM32\WINMM.dll
0x00007ffeb76d0000 - 0x00007ffeb76da000 	C:\WINDOWS\SYSTEM32\VERSION.dll
0x00007ffec5360000 - 0x00007ffec53cb000 	C:\WINDOWS\System32\WS2_32.dll
0x00007ffec1eb0000 - 0x00007ffec1ec2000 	C:\WINDOWS\SYSTEM32\UMPDC.dll
0x00007ffec0b20000 - 0x00007ffec0b32000 	C:\WINDOWS\SYSTEM32\kernel.appcore.dll
0x00007ffeb91b0000 - 0x00007ffeb91ba000 	C:\Users\dlwog\.jdks\temurin-17.0.10\bin\jimage.dll
0x00007ffebd300000 - 0x00007ffebd4e4000 	C:\WINDOWS\SYSTEM32\DBGHELP.DLL
0x00007ffeac470000 - 0x00007ffeac4a4000 	C:\WINDOWS\SYSTEM32\dbgcore.DLL
0x00007ffec33b0000 - 0x00007ffec3432000 	C:\WINDOWS\System32\bcryptPrimitives.dll
0x00007ffea6d60000 - 0x00007ffea6d85000 	C:\Users\dlwog\.jdks\temurin-17.0.10\bin\java.dll
0x00007ffe729f0000 - 0x00007ffe72ac7000 	C:\Users\dlwog\.jdks\temurin-17.0.10\bin\jsvml.dll
0x00007ffec3680000 - 0x00007ffec3def000 	C:\WINDOWS\System32\SHELL32.dll
0x00007ffec0b40000 - 0x00007ffec12df000 	C:\WINDOWS\SYSTEM32\windows.storage.dll
0x00007ffec3eb0000 - 0x00007ffec4203000 	C:\WINDOWS\System32\combase.dll
0x00007ffec24e0000 - 0x00007ffec250e000 	C:\WINDOWS\SYSTEM32\Wldp.dll
0x00007ffec4e20000 - 0x00007ffec4eed000 	C:\WINDOWS\System32\OLEAUT32.dll
0x00007ffec3df0000 - 0x00007ffec3e9d000 	C:\WINDOWS\System32\SHCORE.dll
0x00007ffec51f0000 - 0x00007ffec5245000 	C:\WINDOWS\System32\shlwapi.dll
0x00007ffec29f0000 - 0x00007ffec2a14000 	C:\WINDOWS\SYSTEM32\profapi.dll
0x00007ffea6d40000 - 0x00007ffea6d59000 	C:\Users\dlwog\.jdks\temurin-17.0.10\bin\net.dll
0x00007ffeb49f0000 - 0x00007ffeb4afd000 	C:\WINDOWS\SYSTEM32\WINHTTP.dll
0x00007ffec2240000 - 0x00007ffec22aa000 	C:\WINDOWS\system32\mswsock.dll
0x00007ffea6240000 - 0x00007ffea6256000 	C:\Users\dlwog\.jdks\temurin-17.0.10\bin\nio.dll
0x00007ffea6220000 - 0x00007ffea6238000 	C:\Users\dlwog\.jdks\temurin-17.0.10\bin\zip.dll
0x00007ffeb91a0000 - 0x00007ffeb91b0000 	C:\Users\dlwog\.jdks\temurin-17.0.10\bin\verify.dll
0x00007ffea61d0000 - 0x00007ffea61d9000 	C:\Users\dlwog\.jdks\temurin-17.0.10\bin\attach.dll
0x00007ffec3440000 - 0x00007ffec3448000 	C:\WINDOWS\System32\PSAPI.DLL

dbghelp: loaded successfully - version: 4.0.5 - missing functions: none
symbol engine: initialized successfully - sym options: 0x614 - pdb path: .;C:\Users\dlwog\.jdks\temurin-17.0.10\bin;C:\WINDOWS\SYSTEM32;C:\WINDOWS\WinSxS\amd64_microsoft.windows.common-controls_6595b64144ccf1df_6.0.19041.4355_none_60b8b9eb71f62e16;C:\Users\dlwog\.jdks\temurin-17.0.10\bin\server

VM Arguments:
jvm_args: -Dnet.bytebuddy.agent.attacher.dump= 
java_command: net.bytebuddy.agent.Attacher com.sun.tools.attach.VirtualMachine 1228 C:\Users\dlwog\.gradle\caches\modules-2\files-2.1\net.bytebuddy\byte-buddy-agent\1.14.18\417558ea01fe9f0e8a94af28b9469d281c4e3984\byte-buddy-agent-1.14.18.jar false 
java_class_path (initial): C:\Users\dlwog\.gradle\caches\modules-2\files-2.1\net.bytebuddy\byte-buddy-agent\1.14.18\417558ea01fe9f0e8a94af28b9469d281c4e3984\byte-buddy-agent-1.14.18.jar
Launcher Type: SUN_STANDARD

[Global flags]
     intx CICompilerCount                          = 3                                         {product} {ergonomic}
     uint ConcGCThreads                            = 1                                         {product} {ergonomic}
     uint G1ConcRefinementThreads                  = 4                                         {product} {ergonomic}
   size_t G1HeapRegionSize                         = 1048576                                   {product} {ergonomic}
    uintx GCDrainStackTargetSize                   = 64                                        {product} {ergonomic}
   size_t InitialHeapSize                          = 134217728                                 {product} {ergonomic}
   size_t MarkStackSize                            = 4194304                                   {product} {ergonomic}
   size_t MaxHeapSize                              = 2126512128                                {product} {ergonomic}
   size_t MaxNewSize                               = 1275068416                                {product} {ergonomic}
   size_t MinHeapDeltaBytes                        = 1048576                                   {product} {ergonomic}
   size_t MinHeapSize                              = 8388608                                   {product} {ergonomic}
    uintx NonNMethodCodeHeapSize                   = 5832780                                {pd product} {ergonomic}
    uintx NonProfiledCodeHeapSize                  = 122912730                              {pd product} {ergonomic}
    uintx ProfiledCodeHeapSize                     = 122912730                              {pd product} {ergonomic}
    uintx ReservedCodeCacheSize                    = 251658240                              {pd product} {ergonomic}
     bool SegmentedCodeCache                       = true                                      {product} {ergonomic}
   size_t SoftMaxHeapSize                          = 2126512128                             {manageable} {ergonomic}
     bool UseCompressedClassPointers               = true                           {product lp64_product} {ergonomic}
     bool UseCompressedOops                        = true                           {product lp64_product} {ergonomic}
     bool UseG1GC                                  = true                                      {product} {ergonomic}
     bool UseLargePagesIndividualAllocation        = false                                  {pd product} {ergonomic}

Logging:
Log output configuration:
 #0: stdout all=warning uptime,level,tags
 #1: stderr all=off uptime,level,tags

Environment Variables:
JAVA_HOME=C:\Users\dlwog\OneDrive\Documents\jdk-21.0.2
CLASSPATH=C:\Users\dlwog\OneDrive\Documents\jdk-21.0.2\lib
PATH=C:\Program Files\Common Files\Oracle\Java\javapath;C:\Program Files (x86)\Common Files\Oracle\Java\java8path;C:\Program Files (x86)\Common Files\Oracle\Java\javapath;C:\Users\dlwog\OneDrive\Documents\jdk-21.0.2\bin;C:\Program Files (x86)\Microsoft Visual Studio\2022\BuildTools\VC\Tools\MSVC\14.36.32532\bin\Hostx64\x64;C:\Program Files (x86)\Intel\Intel(R) Management Engine Components\iCLS\;C:\Program Files\Intel\Intel(R) Management Engine Components\iCLS\;C:\windows\system32;C:\windows;C:\windows\System32\Wbem;C:\windows\System32\WindowsPowerShell\v1.0\;C:\windows\System32\OpenSSH\;C:\Program Files (x86)\NVIDIA Corporation\PhysX\Common;C:\Program Files (x86)\Intel\Intel(R) Management Engine Components\DAL;C:\Program Files\Intel\Intel(R) Management Engine Components\DAL;C:\Program Files (x86)\Intel\Intel(R) Management Engine Components\IPT;C:\Program Files\Intel\Intel(R) Management Engine Components\IPT;C:\WINDOWS\system32;C:\WINDOWS;C:\WINDOWS\System32\Wbem;C:\WINDOWS\System32\WindowsPowerShell\v1.0\;C:\WINDOWS\System32\OpenSSH\;C:\Program Files\NVIDIA Corporation\NVIDIA NvDLISR;C:\Program Files (x86)\IVI Foundation\VISA\WinNT\Bin\;C:\Program Files\IVI Foundation\VISA\Win64\Bin\;C:\Program Files (x86)\National Instruments\Shared\LabVIEW CLI;C:\Program Files (x86)\IVI Foundation\IVI\bin;C:\Program Files\IVI Foundation\IVI\bin;C:\Program Files (x86)\IVI Foundation\VISA\WinNT\Bin;C:\Users\dlwog\AppData\Local\Programs\Python\Python311;C:\Users\dlwog\AppData\Local\Programs\Python\Python311\Scripts;C:\Program Files\Git\cmd;C:\Program Files\nodejs\;C:\Program Files\PuTTY\;C:\Program Files (x86)\NetSarang\Xshell 7\;C:\Program Files\MySQL\MySQL Shell 8.0\bin\;C:\Users\dlwog\AppData\Local\Microsoft\WindowsApps;C:\Users\dlwog\AppData\Local\Programs\Microsoft VS Code\bin;C:\Users\dlwog\AppData\Local\afreeca;C:\Users\dlwog\AppData\Local\GitHubDesktop\bin;C:\msys64\mingw64\bin;C:\Users\dlwog\AppData\Roaming\npm;C:\ffmpeg\bin;
USERNAME=dlwog
OS=Windows_NT
PROCESSOR_IDENTIFIER=Intel64 Family 6 Model 158 Stepping 9, GenuineIntel
TMP=C:\Users\dlwog\AppData\Local\Temp
TEMP=C:\Users\dlwog\AppData\Local\Temp



Periodic native trim disabled


---------------  S Y S T E M  ---------------

OS:
 Windows 10 , 64 bit Build 19041 (10.0.19041.4717)
OS uptime: 0 days 8:17 hours

CPU: total 4 (initial active 4) (4 cores per cpu, 1 threads per core) family 6 model 158 stepping 9 microcode 0xb4, cx8, cmov, fxsr, mmx, 3dnowpref, sse, sse2, sse3, ssse3, sse4.1, sse4.2, popcnt, lzcnt, tsc, tscinvbit, avx, avx2, aes, erms, clmul, bmi1, bmi2, adx, fma, vzeroupper, clflush, clflushopt
Processor Information for all 4 processors :
  Max Mhz: 2496, Current Mhz: 2496, Mhz Limit: 2496

Memory: 4k page, system-wide physical 8106M (501M free)
TotalPageFile size 17106M (AvailPageFile size 5M)
current process WorkingSet (physical memory assigned to process): 40M, peak: 40M
current process commit charge ("private bytes"): 205M, peak: 205M

vm_info: OpenJDK 64-Bit Server VM (17.0.10+7) for windows-amd64 JRE (17.0.10+7), built on Jan 16 2024 23:25:11 by "admin" with MS VC++ 16.10 / 16.11 (VS2019)

END.
