#
# There is insufficient memory for the Java Runtime Environment to continue.
# Native memory allocation (malloc) failed to allocate 396976 bytes for Chunk::new
# Possible reasons:
#   The system is out of physical RAM or swap space
#   The process is running with CompressedOops enabled, and the Java Heap may be blocking the growth of the native heap
# Possible solutions:
#   Reduce memory load on the system
#   Increase physical memory or swap space
#   Check if swap backing store is full
#   Decrease Java heap size (-Xmx/-Xms)
#   Decrease number of Java threads
#   Decrease Java thread stack sizes (-Xss)
#   Set larger code cache with -XX:ReservedCodeCacheSize=
#   JVM is running with Unscaled Compressed Oops mode in which the Java heap is
#     placed in the first 4GB address space. The Java Heap base address is the
#     maximum limit for the native heap growth. Please use -XX:HeapBaseMinAddress
#     to set the Java Heap base and to place the Java Heap above 4GB virtual address.
# This output file may be truncated or incomplete.
#
#  Out of Memory Error (arena.cpp:191), pid=1344, tid=12100
#
# JRE version: OpenJDK Runtime Environment Temurin-17.0.10+7 (17.0.10+7) (build 17.0.10+7)
# Java VM: OpenJDK 64-Bit Server VM Temurin-17.0.10+7 (17.0.10+7, mixed mode, tiered, compressed oops, compressed class ptrs, g1 gc, windows-amd64)
# No core dump will be written. Minidumps are not enabled by default on client versions of Windows
#

---------------  S U M M A R Y ------------

Command Line: -Dnet.bytebuddy.agent.attacher.dump= net.bytebuddy.agent.Attacher com.sun.tools.attach.VirtualMachine 15644 C:\Users\dlwog\.gradle\caches\modules-2\files-2.1\net.bytebuddy\byte-buddy-agent\1.14.18\417558ea01fe9f0e8a94af28b9469d281c4e3984\byte-buddy-agent-1.14.18.jar false 

Host: Intel(R) Core(TM) i5-7300HQ CPU @ 2.50GHz, 4 cores, 7G,  Windows 10 , 64 bit Build 19041 (10.0.19041.4717)
Time: Sat Aug 24 21:37:01 2024  Windows 10 , 64 bit Build 19041 (10.0.19041.4717) elapsed time: 0.314642 seconds (0d 0h 0m 0s)

---------------  T H R E A D  ---------------

Current thread (0x000002b6be5aa0b0):  JavaThread "C2 CompilerThread0" daemon [_thread_in_native, id=12100, stack(0x000000b936600000,0x000000b936700000)]


Current CompileTask:
C2:    314  278       4       java.io.StreamTokenizer::nextToken (1266 bytes)

Stack: [0x000000b936600000,0x000000b936700000]
Native frames: (J=compiled Java code, j=interpreted, Vv=VM code, C=native code)
V  [jvm.dll+0x67d2c9]
V  [jvm.dll+0x834afa]
V  [jvm.dll+0x8365be]
V  [jvm.dll+0x836c23]
V  [jvm.dll+0x2477ff]
V  [jvm.dll+0xac514]
V  [jvm.dll+0xacb5c]
V  [jvm.dll+0x366782]
V  [jvm.dll+0x330bfa]
V  [jvm.dll+0x33009a]
V  [jvm.dll+0x219ef1]
V  [jvm.dll+0x219311]
V  [jvm.dll+0x1a502d]
V  [jvm.dll+0x2290de]
V  [jvm.dll+0x2272ac]
V  [jvm.dll+0x7e9bb7]
V  [jvm.dll+0x7e3fba]
V  [jvm.dll+0x67c1b5]
C  [ucrtbase.dll+0x21bb2]
C  [KERNEL32.DLL+0x17374]
C  [ntdll.dll+0x4cc91]


---------------  P R O C E S S  ---------------

Threads class SMR info:
_java_thread_list=0x000002b6be76c240, length=12, elements={
0x000002b6be4bb250, 0x000002b6be4bbfe0, 0x000002b6be578680, 0x000002b6be579150,
0x000002b6be59e410, 0x000002b6be5a0760, 0x000002b6be5aa0b0, 0x000002b6be5ac5e0,
0x000002b6be5b6b00, 0x000002b6be71ae30, 0x000002b6be72b650, 0x000002b6a08febf0
}

Java Threads: ( => current thread )
  0x000002b6be4bb250 JavaThread "Reference Handler" daemon [_thread_blocked, id=9868, stack(0x000000b936000000,0x000000b936100000)]
  0x000002b6be4bbfe0 JavaThread "Finalizer" daemon [_thread_blocked, id=9840, stack(0x000000b936100000,0x000000b936200000)]
  0x000002b6be578680 JavaThread "Signal Dispatcher" daemon [_thread_blocked, id=13228, stack(0x000000b936200000,0x000000b936300000)]
  0x000002b6be579150 JavaThread "Attach Listener" daemon [_thread_blocked, id=5836, stack(0x000000b936300000,0x000000b936400000)]
  0x000002b6be59e410 JavaThread "Service Thread" daemon [_thread_blocked, id=15380, stack(0x000000b936400000,0x000000b936500000)]
  0x000002b6be5a0760 JavaThread "Monitor Deflation Thread" daemon [_thread_blocked, id=964, stack(0x000000b936500000,0x000000b936600000)]
=>0x000002b6be5aa0b0 JavaThread "C2 CompilerThread0" daemon [_thread_in_native, id=12100, stack(0x000000b936600000,0x000000b936700000)]
  0x000002b6be5ac5e0 JavaThread "C1 CompilerThread0" daemon [_thread_blocked, id=20284, stack(0x000000b936700000,0x000000b936800000)]
  0x000002b6be5b6b00 JavaThread "Sweeper thread" daemon [_thread_blocked, id=22304, stack(0x000000b936800000,0x000000b936900000)]
  0x000002b6be71ae30 JavaThread "Notification Thread" daemon [_thread_blocked, id=15052, stack(0x000000b936900000,0x000000b936a00000)]
  0x000002b6be72b650 JavaThread "Common-Cleaner" daemon [_thread_blocked, id=3228, stack(0x000000b936b00000,0x000000b936c00000)]
  0x000002b6a08febf0 JavaThread "DestroyJavaVM" [_thread_blocked, id=12184, stack(0x000000b935900000,0x000000b935a00000)]

Other Threads:
  0x000002b6be494ca0 VMThread "VM Thread" [stack: 0x000000b935f00000,0x000000b936000000] [id=1976]
  0x000002b6be71e330 WatcherThread [stack: 0x000000b936a00000,0x000000b936b00000] [id=9568]
  0x000002b6a0959970 GCTaskThread "GC Thread#0" [stack: 0x000000b935a00000,0x000000b935b00000] [id=6840]
  0x000002b6a096a640 ConcurrentGCThread "G1 Main Marker" [stack: 0x000000b935b00000,0x000000b935c00000] [id=4612]
  0x000002b6a096b800 ConcurrentGCThread "G1 Conc#0" [stack: 0x000000b935c00000,0x000000b935d00000] [id=14688]
  0x000002b6a09b1690 ConcurrentGCThread "G1 Refine#0" [stack: 0x000000b935d00000,0x000000b935e00000] [id=20812]
  0x000002b6be2f20c0 ConcurrentGCThread "G1 Service" [stack: 0x000000b935e00000,0x000000b935f00000] [id=6856]

Threads with active compile tasks:
C2 CompilerThread0      341  278       4       java.io.StreamTokenizer::nextToken (1266 bytes)

VM state: not at safepoint (normal execution)

VM Mutex/Monitor currently owned by a thread: None

Heap address: 0x0000000081400000, size: 2028 MB, Compressed Oops mode: 32-bit

CDS archive(s) not mapped
Compressed class space mapped at: 0x0000000100000000-0x0000000140000000, reserved size: 1073741824
Narrow klass base: 0x0000000000000000, Narrow klass shift: 3, Narrow klass range: 0x140000000

GC Precious Log:
 CPUs: 4 total, 4 available
 Memory: 8106M
 Large Page Support: Disabled
 NUMA Support: Disabled
 Compressed Oops: Enabled (32-bit)
 Heap Region Size: 1M
 Heap Min Capacity: 8M
 Heap Initial Capacity: 128M
 Heap Max Capacity: 2028M
 Pre-touch: Disabled
 Parallel Workers: 4
 Concurrent Workers: 1
 Concurrent Refinement Workers: 4
 Periodic GC: Disabled

Heap:
 garbage-first heap   total 131072K, used 2048K [0x0000000081400000, 0x0000000100000000)
  region size 1024K, 3 young (3072K), 0 survivors (0K)
 Metaspace       used 7392K, committed 7552K, reserved 1114112K
  class space    used 646K, committed 704K, reserved 1048576K

Heap Regions: E=young(eden), S=young(survivor), O=old, HS=humongous(starts), HC=humongous(continues), CS=collection set, F=free, OA=open archive, CA=closed archive, TAMS=top-at-mark-start (previous, next)
|   0|0x0000000081400000, 0x0000000081400000, 0x0000000081500000|  0%| F|  |TAMS 0x0000000081400000, 0x0000000081400000| Untracked 
|   1|0x0000000081500000, 0x0000000081500000, 0x0000000081600000|  0%| F|  |TAMS 0x0000000081500000, 0x0000000081500000| Untracked 
|   2|0x0000000081600000, 0x0000000081600000, 0x0000000081700000|  0%| F|  |TAMS 0x0000000081600000, 0x0000000081600000| Untracked 
|   3|0x0000000081700000, 0x0000000081700000, 0x0000000081800000|  0%| F|  |TAMS 0x0000000081700000, 0x0000000081700000| Untracked 
|   4|0x0000000081800000, 0x0000000081800000, 0x0000000081900000|  0%| F|  |TAMS 0x0000000081800000, 0x0000000081800000| Untracked 
|   5|0x0000000081900000, 0x0000000081900000, 0x0000000081a00000|  0%| F|  |TAMS 0x0000000081900000, 0x0000000081900000| Untracked 
|   6|0x0000000081a00000, 0x0000000081a00000, 0x0000000081b00000|  0%| F|  |TAMS 0x0000000081a00000, 0x0000000081a00000| Untracked 
|   7|0x0000000081b00000, 0x0000000081b00000, 0x0000000081c00000|  0%| F|  |TAMS 0x0000000081b00000, 0x0000000081b00000| Untracked 
|   8|0x0000000081c00000, 0x0000000081c00000, 0x0000000081d00000|  0%| F|  |TAMS 0x0000000081c00000, 0x0000000081c00000| Untracked 
|   9|0x0000000081d00000, 0x0000000081d00000, 0x0000000081e00000|  0%| F|  |TAMS 0x0000000081d00000, 0x0000000081d00000| Untracked 
|  10|0x0000000081e00000, 0x0000000081e00000, 0x0000000081f00000|  0%| F|  |TAMS 0x0000000081e00000, 0x0000000081e00000| Untracked 
|  11|0x0000000081f00000, 0x0000000081f00000, 0x0000000082000000|  0%| F|  |TAMS 0x0000000081f00000, 0x0000000081f00000| Untracked 
|  12|0x0000000082000000, 0x0000000082000000, 0x0000000082100000|  0%| F|  |TAMS 0x0000000082000000, 0x0000000082000000| Untracked 
|  13|0x0000000082100000, 0x0000000082100000, 0x0000000082200000|  0%| F|  |TAMS 0x0000000082100000, 0x0000000082100000| Untracked 
|  14|0x0000000082200000, 0x0000000082200000, 0x0000000082300000|  0%| F|  |TAMS 0x0000000082200000, 0x0000000082200000| Untracked 
|  15|0x0000000082300000, 0x0000000082300000, 0x0000000082400000|  0%| F|  |TAMS 0x0000000082300000, 0x0000000082300000| Untracked 
|  16|0x0000000082400000, 0x0000000082400000, 0x0000000082500000|  0%| F|  |TAMS 0x0000000082400000, 0x0000000082400000| Untracked 
|  17|0x0000000082500000, 0x0000000082500000, 0x0000000082600000|  0%| F|  |TAMS 0x0000000082500000, 0x0000000082500000| Untracked 
|  18|0x0000000082600000, 0x0000000082600000, 0x0000000082700000|  0%| F|  |TAMS 0x0000000082600000, 0x0000000082600000| Untracked 
|  19|0x0000000082700000, 0x0000000082700000, 0x0000000082800000|  0%| F|  |TAMS 0x0000000082700000, 0x0000000082700000| Untracked 
|  20|0x0000000082800000, 0x0000000082800000, 0x0000000082900000|  0%| F|  |TAMS 0x0000000082800000, 0x0000000082800000| Untracked 
|  21|0x0000000082900000, 0x0000000082900000, 0x0000000082a00000|  0%| F|  |TAMS 0x0000000082900000, 0x0000000082900000| Untracked 
|  22|0x0000000082a00000, 0x0000000082a00000, 0x0000000082b00000|  0%| F|  |TAMS 0x0000000082a00000, 0x0000000082a00000| Untracked 
|  23|0x0000000082b00000, 0x0000000082b00000, 0x0000000082c00000|  0%| F|  |TAMS 0x0000000082b00000, 0x0000000082b00000| Untracked 
|  24|0x0000000082c00000, 0x0000000082c00000, 0x0000000082d00000|  0%| F|  |TAMS 0x0000000082c00000, 0x0000000082c00000| Untracked 
|  25|0x0000000082d00000, 0x0000000082d00000, 0x0000000082e00000|  0%| F|  |TAMS 0x0000000082d00000, 0x0000000082d00000| Untracked 
|  26|0x0000000082e00000, 0x0000000082e00000, 0x0000000082f00000|  0%| F|  |TAMS 0x0000000082e00000, 0x0000000082e00000| Untracked 
|  27|0x0000000082f00000, 0x0000000082f00000, 0x0000000083000000|  0%| F|  |TAMS 0x0000000082f00000, 0x0000000082f00000| Untracked 
|  28|0x0000000083000000, 0x0000000083000000, 0x0000000083100000|  0%| F|  |TAMS 0x0000000083000000, 0x0000000083000000| Untracked 
|  29|0x0000000083100000, 0x0000000083100000, 0x0000000083200000|  0%| F|  |TAMS 0x0000000083100000, 0x0000000083100000| Untracked 
|  30|0x0000000083200000, 0x0000000083200000, 0x0000000083300000|  0%| F|  |TAMS 0x0000000083200000, 0x0000000083200000| Untracked 
|  31|0x0000000083300000, 0x0000000083300000, 0x0000000083400000|  0%| F|  |TAMS 0x0000000083300000, 0x0000000083300000| Untracked 
|  32|0x0000000083400000, 0x0000000083400000, 0x0000000083500000|  0%| F|  |TAMS 0x0000000083400000, 0x0000000083400000| Untracked 
|  33|0x0000000083500000, 0x0000000083500000, 0x0000000083600000|  0%| F|  |TAMS 0x0000000083500000, 0x0000000083500000| Untracked 
|  34|0x0000000083600000, 0x0000000083600000, 0x0000000083700000|  0%| F|  |TAMS 0x0000000083600000, 0x0000000083600000| Untracked 
|  35|0x0000000083700000, 0x0000000083700000, 0x0000000083800000|  0%| F|  |TAMS 0x0000000083700000, 0x0000000083700000| Untracked 
|  36|0x0000000083800000, 0x0000000083800000, 0x0000000083900000|  0%| F|  |TAMS 0x0000000083800000, 0x0000000083800000| Untracked 
|  37|0x0000000083900000, 0x0000000083900000, 0x0000000083a00000|  0%| F|  |TAMS 0x0000000083900000, 0x0000000083900000| Untracked 
|  38|0x0000000083a00000, 0x0000000083a00000, 0x0000000083b00000|  0%| F|  |TAMS 0x0000000083a00000, 0x0000000083a00000| Untracked 
|  39|0x0000000083b00000, 0x0000000083b00000, 0x0000000083c00000|  0%| F|  |TAMS 0x0000000083b00000, 0x0000000083b00000| Untracked 
|  40|0x0000000083c00000, 0x0000000083c00000, 0x0000000083d00000|  0%| F|  |TAMS 0x0000000083c00000, 0x0000000083c00000| Untracked 
|  41|0x0000000083d00000, 0x0000000083d00000, 0x0000000083e00000|  0%| F|  |TAMS 0x0000000083d00000, 0x0000000083d00000| Untracked 
|  42|0x0000000083e00000, 0x0000000083e00000, 0x0000000083f00000|  0%| F|  |TAMS 0x0000000083e00000, 0x0000000083e00000| Untracked 
|  43|0x0000000083f00000, 0x0000000083f00000, 0x0000000084000000|  0%| F|  |TAMS 0x0000000083f00000, 0x0000000083f00000| Untracked 
|  44|0x0000000084000000, 0x0000000084000000, 0x0000000084100000|  0%| F|  |TAMS 0x0000000084000000, 0x0000000084000000| Untracked 
|  45|0x0000000084100000, 0x0000000084100000, 0x0000000084200000|  0%| F|  |TAMS 0x0000000084100000, 0x0000000084100000| Untracked 
|  46|0x0000000084200000, 0x0000000084200000, 0x0000000084300000|  0%| F|  |TAMS 0x0000000084200000, 0x0000000084200000| Untracked 
|  47|0x0000000084300000, 0x0000000084300000, 0x0000000084400000|  0%| F|  |TAMS 0x0000000084300000, 0x0000000084300000| Untracked 
|  48|0x0000000084400000, 0x0000000084400000, 0x0000000084500000|  0%| F|  |TAMS 0x0000000084400000, 0x0000000084400000| Untracked 
|  49|0x0000000084500000, 0x0000000084500000, 0x0000000084600000|  0%| F|  |TAMS 0x0000000084500000, 0x0000000084500000| Untracked 
|  50|0x0000000084600000, 0x0000000084600000, 0x0000000084700000|  0%| F|  |TAMS 0x0000000084600000, 0x0000000084600000| Untracked 
|  51|0x0000000084700000, 0x0000000084700000, 0x0000000084800000|  0%| F|  |TAMS 0x0000000084700000, 0x0000000084700000| Untracked 
|  52|0x0000000084800000, 0x0000000084800000, 0x0000000084900000|  0%| F|  |TAMS 0x0000000084800000, 0x0000000084800000| Untracked 
|  53|0x0000000084900000, 0x0000000084900000, 0x0000000084a00000|  0%| F|  |TAMS 0x0000000084900000, 0x0000000084900000| Untracked 
|  54|0x0000000084a00000, 0x0000000084a00000, 0x0000000084b00000|  0%| F|  |TAMS 0x0000000084a00000, 0x0000000084a00000| Untracked 
|  55|0x0000000084b00000, 0x0000000084b00000, 0x0000000084c00000|  0%| F|  |TAMS 0x0000000084b00000, 0x0000000084b00000| Untracked 
|  56|0x0000000084c00000, 0x0000000084c00000, 0x0000000084d00000|  0%| F|  |TAMS 0x0000000084c00000, 0x0000000084c00000| Untracked 
|  57|0x0000000084d00000, 0x0000000084d00000, 0x0000000084e00000|  0%| F|  |TAMS 0x0000000084d00000, 0x0000000084d00000| Untracked 
|  58|0x0000000084e00000, 0x0000000084e00000, 0x0000000084f00000|  0%| F|  |TAMS 0x0000000084e00000, 0x0000000084e00000| Untracked 
|  59|0x0000000084f00000, 0x0000000084f00000, 0x0000000085000000|  0%| F|  |TAMS 0x0000000084f00000, 0x0000000084f00000| Untracked 
|  60|0x0000000085000000, 0x0000000085000000, 0x0000000085100000|  0%| F|  |TAMS 0x0000000085000000, 0x0000000085000000| Untracked 
|  61|0x0000000085100000, 0x0000000085100000, 0x0000000085200000|  0%| F|  |TAMS 0x0000000085100000, 0x0000000085100000| Untracked 
|  62|0x0000000085200000, 0x0000000085200000, 0x0000000085300000|  0%| F|  |TAMS 0x0000000085200000, 0x0000000085200000| Untracked 
|  63|0x0000000085300000, 0x0000000085300000, 0x0000000085400000|  0%| F|  |TAMS 0x0000000085300000, 0x0000000085300000| Untracked 
|  64|0x0000000085400000, 0x0000000085400000, 0x0000000085500000|  0%| F|  |TAMS 0x0000000085400000, 0x0000000085400000| Untracked 
|  65|0x0000000085500000, 0x0000000085500000, 0x0000000085600000|  0%| F|  |TAMS 0x0000000085500000, 0x0000000085500000| Untracked 
|  66|0x0000000085600000, 0x0000000085600000, 0x0000000085700000|  0%| F|  |TAMS 0x0000000085600000, 0x0000000085600000| Untracked 
|  67|0x0000000085700000, 0x0000000085700000, 0x0000000085800000|  0%| F|  |TAMS 0x0000000085700000, 0x0000000085700000| Untracked 
|  68|0x0000000085800000, 0x0000000085800000, 0x0000000085900000|  0%| F|  |TAMS 0x0000000085800000, 0x0000000085800000| Untracked 
|  69|0x0000000085900000, 0x0000000085900000, 0x0000000085a00000|  0%| F|  |TAMS 0x0000000085900000, 0x0000000085900000| Untracked 
|  70|0x0000000085a00000, 0x0000000085a00000, 0x0000000085b00000|  0%| F|  |TAMS 0x0000000085a00000, 0x0000000085a00000| Untracked 
|  71|0x0000000085b00000, 0x0000000085b00000, 0x0000000085c00000|  0%| F|  |TAMS 0x0000000085b00000, 0x0000000085b00000| Untracked 
|  72|0x0000000085c00000, 0x0000000085c00000, 0x0000000085d00000|  0%| F|  |TAMS 0x0000000085c00000, 0x0000000085c00000| Untracked 
|  73|0x0000000085d00000, 0x0000000085d00000, 0x0000000085e00000|  0%| F|  |TAMS 0x0000000085d00000, 0x0000000085d00000| Untracked 
|  74|0x0000000085e00000, 0x0000000085e00000, 0x0000000085f00000|  0%| F|  |TAMS 0x0000000085e00000, 0x0000000085e00000| Untracked 
|  75|0x0000000085f00000, 0x0000000085f00000, 0x0000000086000000|  0%| F|  |TAMS 0x0000000085f00000, 0x0000000085f00000| Untracked 
|  76|0x0000000086000000, 0x0000000086000000, 0x0000000086100000|  0%| F|  |TAMS 0x0000000086000000, 0x0000000086000000| Untracked 
|  77|0x0000000086100000, 0x0000000086100000, 0x0000000086200000|  0%| F|  |TAMS 0x0000000086100000, 0x0000000086100000| Untracked 
|  78|0x0000000086200000, 0x0000000086200000, 0x0000000086300000|  0%| F|  |TAMS 0x0000000086200000, 0x0000000086200000| Untracked 
|  79|0x0000000086300000, 0x0000000086300000, 0x0000000086400000|  0%| F|  |TAMS 0x0000000086300000, 0x0000000086300000| Untracked 
|  80|0x0000000086400000, 0x0000000086400000, 0x0000000086500000|  0%| F|  |TAMS 0x0000000086400000, 0x0000000086400000| Untracked 
|  81|0x0000000086500000, 0x0000000086500000, 0x0000000086600000|  0%| F|  |TAMS 0x0000000086500000, 0x0000000086500000| Untracked 
|  82|0x0000000086600000, 0x0000000086600000, 0x0000000086700000|  0%| F|  |TAMS 0x0000000086600000, 0x0000000086600000| Untracked 
|  83|0x0000000086700000, 0x0000000086700000, 0x0000000086800000|  0%| F|  |TAMS 0x0000000086700000, 0x0000000086700000| Untracked 
|  84|0x0000000086800000, 0x0000000086800000, 0x0000000086900000|  0%| F|  |TAMS 0x0000000086800000, 0x0000000086800000| Untracked 
|  85|0x0000000086900000, 0x0000000086900000, 0x0000000086a00000|  0%| F|  |TAMS 0x0000000086900000, 0x0000000086900000| Untracked 
|  86|0x0000000086a00000, 0x0000000086a00000, 0x0000000086b00000|  0%| F|  |TAMS 0x0000000086a00000, 0x0000000086a00000| Untracked 
|  87|0x0000000086b00000, 0x0000000086b00000, 0x0000000086c00000|  0%| F|  |TAMS 0x0000000086b00000, 0x0000000086b00000| Untracked 
|  88|0x0000000086c00000, 0x0000000086c00000, 0x0000000086d00000|  0%| F|  |TAMS 0x0000000086c00000, 0x0000000086c00000| Untracked 
|  89|0x0000000086d00000, 0x0000000086d00000, 0x0000000086e00000|  0%| F|  |TAMS 0x0000000086d00000, 0x0000000086d00000| Untracked 
|  90|0x0000000086e00000, 0x0000000086e00000, 0x0000000086f00000|  0%| F|  |TAMS 0x0000000086e00000, 0x0000000086e00000| Untracked 
|  91|0x0000000086f00000, 0x0000000086f00000, 0x0000000087000000|  0%| F|  |TAMS 0x0000000086f00000, 0x0000000086f00000| Untracked 
|  92|0x0000000087000000, 0x0000000087000000, 0x0000000087100000|  0%| F|  |TAMS 0x0000000087000000, 0x0000000087000000| Untracked 
|  93|0x0000000087100000, 0x0000000087100000, 0x0000000087200000|  0%| F|  |TAMS 0x0000000087100000, 0x0000000087100000| Untracked 
|  94|0x0000000087200000, 0x0000000087200000, 0x0000000087300000|  0%| F|  |TAMS 0x0000000087200000, 0x0000000087200000| Untracked 
|  95|0x0000000087300000, 0x0000000087300000, 0x0000000087400000|  0%| F|  |TAMS 0x0000000087300000, 0x0000000087300000| Untracked 
|  96|0x0000000087400000, 0x0000000087400000, 0x0000000087500000|  0%| F|  |TAMS 0x0000000087400000, 0x0000000087400000| Untracked 
|  97|0x0000000087500000, 0x0000000087500000, 0x0000000087600000|  0%| F|  |TAMS 0x0000000087500000, 0x0000000087500000| Untracked 
|  98|0x0000000087600000, 0x0000000087600000, 0x0000000087700000|  0%| F|  |TAMS 0x0000000087600000, 0x0000000087600000| Untracked 
|  99|0x0000000087700000, 0x0000000087700000, 0x0000000087800000|  0%| F|  |TAMS 0x0000000087700000, 0x0000000087700000| Untracked 
| 100|0x0000000087800000, 0x0000000087800000, 0x0000000087900000|  0%| F|  |TAMS 0x0000000087800000, 0x0000000087800000| Untracked 
| 101|0x0000000087900000, 0x0000000087900000, 0x0000000087a00000|  0%| F|  |TAMS 0x0000000087900000, 0x0000000087900000| Untracked 
| 102|0x0000000087a00000, 0x0000000087a00000, 0x0000000087b00000|  0%| F|  |TAMS 0x0000000087a00000, 0x0000000087a00000| Untracked 
| 103|0x0000000087b00000, 0x0000000087b00000, 0x0000000087c00000|  0%| F|  |TAMS 0x0000000087b00000, 0x0000000087b00000| Untracked 
| 104|0x0000000087c00000, 0x0000000087c00000, 0x0000000087d00000|  0%| F|  |TAMS 0x0000000087c00000, 0x0000000087c00000| Untracked 
| 105|0x0000000087d00000, 0x0000000087d00000, 0x0000000087e00000|  0%| F|  |TAMS 0x0000000087d00000, 0x0000000087d00000| Untracked 
| 106|0x0000000087e00000, 0x0000000087e00000, 0x0000000087f00000|  0%| F|  |TAMS 0x0000000087e00000, 0x0000000087e00000| Untracked 
| 107|0x0000000087f00000, 0x0000000087f00000, 0x0000000088000000|  0%| F|  |TAMS 0x0000000087f00000, 0x0000000087f00000| Untracked 
| 108|0x0000000088000000, 0x0000000088000000, 0x0000000088100000|  0%| F|  |TAMS 0x0000000088000000, 0x0000000088000000| Untracked 
| 109|0x0000000088100000, 0x0000000088100000, 0x0000000088200000|  0%| F|  |TAMS 0x0000000088100000, 0x0000000088100000| Untracked 
| 110|0x0000000088200000, 0x0000000088200000, 0x0000000088300000|  0%| F|  |TAMS 0x0000000088200000, 0x0000000088200000| Untracked 
| 111|0x0000000088300000, 0x0000000088300000, 0x0000000088400000|  0%| F|  |TAMS 0x0000000088300000, 0x0000000088300000| Untracked 
| 112|0x0000000088400000, 0x0000000088400000, 0x0000000088500000|  0%| F|  |TAMS 0x0000000088400000, 0x0000000088400000| Untracked 
| 113|0x0000000088500000, 0x0000000088500000, 0x0000000088600000|  0%| F|  |TAMS 0x0000000088500000, 0x0000000088500000| Untracked 
| 114|0x0000000088600000, 0x0000000088600000, 0x0000000088700000|  0%| F|  |TAMS 0x0000000088600000, 0x0000000088600000| Untracked 
| 115|0x0000000088700000, 0x0000000088700000, 0x0000000088800000|  0%| F|  |TAMS 0x0000000088700000, 0x0000000088700000| Untracked 
| 116|0x0000000088800000, 0x0000000088800000, 0x0000000088900000|  0%| F|  |TAMS 0x0000000088800000, 0x0000000088800000| Untracked 
| 117|0x0000000088900000, 0x0000000088900000, 0x0000000088a00000|  0%| F|  |TAMS 0x0000000088900000, 0x0000000088900000| Untracked 
| 118|0x0000000088a00000, 0x0000000088a00000, 0x0000000088b00000|  0%| F|  |TAMS 0x0000000088a00000, 0x0000000088a00000| Untracked 
| 119|0x0000000088b00000, 0x0000000088b00000, 0x0000000088c00000|  0%| F|  |TAMS 0x0000000088b00000, 0x0000000088b00000| Untracked 
| 120|0x0000000088c00000, 0x0000000088c00000, 0x0000000088d00000|  0%| F|  |TAMS 0x0000000088c00000, 0x0000000088c00000| Untracked 
| 121|0x0000000088d00000, 0x0000000088d00000, 0x0000000088e00000|  0%| F|  |TAMS 0x0000000088d00000, 0x0000000088d00000| Untracked 
| 122|0x0000000088e00000, 0x0000000088e00000, 0x0000000088f00000|  0%| F|  |TAMS 0x0000000088e00000, 0x0000000088e00000| Untracked 
| 123|0x0000000088f00000, 0x0000000088f00000, 0x0000000089000000|  0%| F|  |TAMS 0x0000000088f00000, 0x0000000088f00000| Untracked 
| 124|0x0000000089000000, 0x0000000089000000, 0x0000000089100000|  0%| F|  |TAMS 0x0000000089000000, 0x0000000089000000| Untracked 
| 125|0x0000000089100000, 0x0000000089185b88, 0x0000000089200000| 52%| E|  |TAMS 0x0000000089100000, 0x0000000089100000| Complete 
| 126|0x0000000089200000, 0x0000000089300000, 0x0000000089300000|100%| E|CS|TAMS 0x0000000089200000, 0x0000000089200000| Complete 
| 127|0x0000000089300000, 0x0000000089400000, 0x0000000089400000|100%| E|CS|TAMS 0x0000000089300000, 0x0000000089300000| Complete 

Card table byte_map: [0x000002b6b7830000,0x000002b6b7c30000] _byte_map_base: 0x000002b6b7426000

Marking Bits (Prev, Next): (CMBitMap*) 0x000002b6a0959f90, (CMBitMap*) 0x000002b6a0959fd0
 Prev Bits: [0x000002b6b8030000, 0x000002b6b9fe0000)
 Next Bits: [0x000002b6b9fe0000, 0x000002b6bbf90000)

Polling page: 0x000002b69e900000

Metaspace:

Usage:
  Non-class:      6.59 MB used.
      Class:    646.77 KB used.
       Both:      7.22 MB used.

Virtual space:
  Non-class space:       64.00 MB reserved,       6.69 MB ( 10%) committed,  1 nodes.
      Class space:        1.00 GB reserved,     704.00 KB ( <1%) committed,  1 nodes.
             Both:        1.06 GB reserved,       7.38 MB ( <1%) committed. 

Chunk freelists:
   Non-Class:  8.86 MB
       Class:  15.19 MB
        Both:  24.05 MB

MaxMetaspaceSize: unlimited
CompressedClassSpaceSize: 1.00 GB
Initial GC threshold: 21.00 MB
Current GC threshold: 21.00 MB
CDS: off
MetaspaceReclaimPolicy: balanced
 - commit_granule_bytes: 65536.
 - commit_granule_words: 8192.
 - virtual_space_node_default_size: 8388608.
 - enlarge_chunks_in_place: 1.
 - new_chunks_are_fully_committed: 0.
 - uncommit_free_chunks: 1.
 - use_allocation_guard: 0.
 - handle_deallocations: 1.


Internal statistics:

num_allocs_failed_limit: 0.
num_arena_births: 52.
num_arena_deaths: 0.
num_vsnodes_births: 2.
num_vsnodes_deaths: 0.
num_space_committed: 118.
num_space_uncommitted: 0.
num_chunks_returned_to_freelist: 0.
num_chunks_taken_from_freelist: 89.
num_chunk_merges: 0.
num_chunk_splits: 51.
num_chunks_enlarged: 31.
num_inconsistent_stats: 0.

CodeHeap 'non-profiled nmethods': size=120000Kb used=104Kb max_used=104Kb free=119895Kb
 bounds [0x000002b6aff00000, 0x000002b6b0170000, 0x000002b6b7430000]
CodeHeap 'profiled nmethods': size=120000Kb used=433Kb max_used=433Kb free=119566Kb
 bounds [0x000002b6a8430000, 0x000002b6a86a0000, 0x000002b6af960000]
CodeHeap 'non-nmethods': size=5760Kb used=1127Kb max_used=1127Kb free=4632Kb
 bounds [0x000002b6af960000, 0x000002b6afbd0000, 0x000002b6aff00000]
 total_blobs=741 nmethods=330 adapters=324
 compilation: enabled
              stopped_count=0, restarted_count=0
 full_count=0

Compilation events (20 events):
Event: 0.308 Thread 0x000002b6be5ac5e0 nmethod 311 0x000002b6a8494090 code [0x000002b6a8494240, 0x000002b6a84944a8]
Event: 0.308 Thread 0x000002b6be5ac5e0  313       3       jdk.internal.org.objectweb.asm.Frame::push (109 bytes)
Event: 0.308 Thread 0x000002b6be5ac5e0 nmethod 313 0x000002b6a8494610 code [0x000002b6a84947e0, 0x000002b6a8494d48]
Event: 0.308 Thread 0x000002b6be5ac5e0  312       3       java.lang.invoke.MethodType::equals (56 bytes)
Event: 0.308 Thread 0x000002b6be5ac5e0 nmethod 312 0x000002b6a8494f10 code [0x000002b6a8495140, 0x000002b6a8495c58]
Event: 0.308 Thread 0x000002b6be5ac5e0  315       3       java.lang.invoke.MethodType::checkPtypes (76 bytes)
Event: 0.309 Thread 0x000002b6be5ac5e0 nmethod 315 0x000002b6a8495e10 code [0x000002b6a8496080, 0x000002b6a84969c8]
Event: 0.309 Thread 0x000002b6be5ac5e0  314       3       sun.invoke.util.Wrapper::findPrimitiveType (25 bytes)
Event: 0.310 Thread 0x000002b6be5ac5e0 nmethod 314 0x000002b6a8496d90 code [0x000002b6a8497000, 0x000002b6a8497b28]
Event: 0.310 Thread 0x000002b6be5ac5e0  320       3       java.util.Arrays::copyOf (40 bytes)
Event: 0.310 Thread 0x000002b6be5ac5e0 nmethod 320 0x000002b6a8497f90 code [0x000002b6a8498180, 0x000002b6a8498828]
Event: 0.310 Thread 0x000002b6be5ac5e0  317       3       java.lang.invoke.MemberName::isConstructor (8 bytes)
Event: 0.310 Thread 0x000002b6be5ac5e0 nmethod 317 0x000002b6a8498a10 code [0x000002b6a8498bc0, 0x000002b6a8498df8]
Event: 0.310 Thread 0x000002b6be5ac5e0  319       3       sun.invoke.util.Wrapper::forPrimitiveType (49 bytes)
Event: 0.311 Thread 0x000002b6be5ac5e0 nmethod 319 0x000002b6a8498f10 code [0x000002b6a8499280, 0x000002b6a849a608]
Event: 0.311 Thread 0x000002b6be5ac5e0  326       3       jdk.internal.org.objectweb.asm.ByteVector::put122 (93 bytes)
Event: 0.311 Thread 0x000002b6be5ac5e0 nmethod 326 0x000002b6a849ad90 code [0x000002b6a849af40, 0x000002b6a849b1c8]
Event: 0.311 Thread 0x000002b6be5ac5e0  325       3       java.lang.reflect.Modifier::isStatic (13 bytes)
Event: 0.311 Thread 0x000002b6be5ac5e0 nmethod 325 0x000002b6a849b390 code [0x000002b6a849b520, 0x000002b6a849b678]
Event: 0.311 Thread 0x000002b6be5ac5e0  328       3       java.util.ImmutableCollections$ListN::get (7 bytes)

GC Heap History (0 events):
No events

Dll operation events (8 events):
Event: 0.013 Loaded shared library C:\Users\dlwog\.jdks\temurin-17.0.10\bin\java.dll
Event: 0.051 Loaded shared library C:\Users\dlwog\.jdks\temurin-17.0.10\bin\jsvml.dll
Event: 0.162 Loaded shared library C:\Users\dlwog\.jdks\temurin-17.0.10\bin\net.dll
Event: 0.165 Loaded shared library C:\Users\dlwog\.jdks\temurin-17.0.10\bin\nio.dll
Event: 0.178 Loaded shared library C:\Users\dlwog\.jdks\temurin-17.0.10\bin\zip.dll
Event: 0.186 Loaded shared library C:\Users\dlwog\.jdks\temurin-17.0.10\bin\verify.dll
Event: 0.192 Loaded shared library C:\Users\dlwog\.jdks\temurin-17.0.10\bin\jimage.dll
Event: 0.208 Loaded shared library C:\Users\dlwog\.jdks\temurin-17.0.10\bin\attach.dll

Deoptimization events (4 events):
Event: 0.291 Thread 0x000002b6a08febf0 Uncommon trap: trap_request=0xffffff45 fr.pc=0x000002b6aff15298 relative=0x0000000000000278
Event: 0.291 Thread 0x000002b6a08febf0 Uncommon trap: reason=unstable_if action=reinterpret pc=0x000002b6aff15298 method=java.io.BufferedReader.read()I @ 19 c2
Event: 0.291 Thread 0x000002b6a08febf0 DEOPT PACKING pc=0x000002b6aff15298 sp=0x000000b9359fe410
Event: 0.291 Thread 0x000002b6a08febf0 DEOPT UNPACKING pc=0x000002b6af9b69a3 sp=0x000000b9359fe350 mode 2

Classes unloaded (0 events):
No events

Classes redefined (0 events):
No events

Internal exceptions (4 events):
Event: 0.294 Thread 0x000002b6a08febf0 Exception <a 'java/lang/NoSuchMethodError'{0x00000000892f5a88}: 'java.lang.Object java.lang.invoke.DirectMethodHandle$Holder.invokeStaticInit(java.lang.Object)'> (0x00000000892f5a88) 
thrown [s\src\hotspot\share\interpreter\linkResolver.cpp, line 759]
Event: 0.298 Thread 0x000002b6a08febf0 Exception <a 'java/lang/NoSuchMethodError'{0x0000000089102b28}: 'java.lang.Object java.lang.invoke.DirectMethodHandle$Holder.invokeStaticInit(java.lang.Object, java.lang.Object, long, java.lang.Object)'> (0x0000000089102b28) 
thrown [s\src\hotspot\share\interpreter\linkResolver.cpp, line 759]
Event: 0.298 Thread 0x000002b6a08febf0 Exception <a 'java/lang/NoSuchMethodError'{0x0000000089108fe8}: 'java.lang.Object java.lang.invoke.DirectMethodHandle$Holder.newInvokeSpecial(java.lang.Object, java.lang.Object, long)'> (0x0000000089108fe8) 
thrown [s\src\hotspot\share\interpreter\linkResolver.cpp, line 759]
Event: 0.299 Thread 0x000002b6a08febf0 Exception <a 'java/lang/NoSuchMethodError'{0x000000008910cb58}: 'java.lang.Object java.lang.invoke.Invokers$Holder.linkToTargetMethod(java.lang.Object, long, java.lang.Object)'> (0x000000008910cb58) 
thrown [s\src\hotspot\share\interpreter\linkResolver.cpp, line 759]

VM Operations (2 events):
Event: 0.180 Executing VM operation: HandshakeAllThreads
Event: 0.180 Executing VM operation: HandshakeAllThreads done

Events (20 events):
Event: 0.302 loading class jdk/internal/util/Preconditions$1
Event: 0.302 loading class java/util/function/BiFunction
Event: 0.302 loading class java/util/function/BiFunction done
Event: 0.302 loading class jdk/internal/util/Preconditions$1 done
Event: 0.302 loading class java/lang/invoke/VarHandleGuards
Event: 0.302 loading class java/lang/invoke/VarHandleGuards done
Event: 0.303 loading class java/lang/invoke/VarForm
Event: 0.303 loading class java/lang/invoke/VarForm done
Event: 0.303 loading class java/util/concurrent/locks/ReentrantLock$NonfairSync
Event: 0.303 loading class java/util/concurrent/locks/ReentrantLock$Sync
Event: 0.303 loading class java/util/concurrent/locks/AbstractQueuedSynchronizer
Event: 0.303 loading class java/util/concurrent/locks/AbstractQueuedSynchronizer done
Event: 0.303 loading class java/util/concurrent/locks/ReentrantLock$Sync done
Event: 0.303 loading class java/util/concurrent/locks/ReentrantLock$NonfairSync done
Event: 0.303 loading class java/util/concurrent/locks/AbstractQueuedSynchronizer$ConditionObject
Event: 0.303 loading class java/util/concurrent/locks/Condition
Event: 0.303 loading class java/util/concurrent/locks/Condition done
Event: 0.303 loading class java/util/concurrent/locks/AbstractQueuedSynchronizer$ConditionObject done
Event: 0.310 loading class java/lang/invoke/BoundMethodHandle$Species_LLLLLLL
Event: 0.310 loading class java/lang/invoke/BoundMethodHandle$Species_LLLLLLL done


Dynamic libraries:
0x00007ff700650000 - 0x00007ff70065e000 	C:\Users\dlwog\.jdks\temurin-17.0.10\bin\java.exe
0x00007ffec5410000 - 0x00007ffec5608000 	C:\WINDOWS\SYSTEM32\ntdll.dll
0x00007ffec5120000 - 0x00007ffec51e1000 	C:\WINDOWS\System32\KERNEL32.DLL
0x00007ffec2f90000 - 0x00007ffec328d000 	C:\WINDOWS\System32\KERNELBASE.dll
0x00007ffec2bd0000 - 0x00007ffec2cd0000 	C:\WINDOWS\System32\ucrtbase.dll
0x00007ffeb91b0000 - 0x00007ffeb91cb000 	C:\Users\dlwog\.jdks\temurin-17.0.10\bin\VCRUNTIME140.dll
0x00007ffea6d70000 - 0x00007ffea6d87000 	C:\Users\dlwog\.jdks\temurin-17.0.10\bin\jli.dll
0x00007ffec4590000 - 0x00007ffec472d000 	C:\WINDOWS\System32\USER32.dll
0x00007ffec2ba0000 - 0x00007ffec2bc2000 	C:\WINDOWS\System32\win32u.dll
0x00007ffec5020000 - 0x00007ffec504b000 	C:\WINDOWS\System32\GDI32.dll
0x00007ffea63b0000 - 0x00007ffea664a000 	C:\WINDOWS\WinSxS\amd64_microsoft.windows.common-controls_6595b64144ccf1df_6.0.19041.4355_none_60b8b9eb71f62e16\COMCTL32.dll
0x00007ffec3290000 - 0x00007ffec33a7000 	C:\WINDOWS\System32\gdi32full.dll
0x00007ffec5080000 - 0x00007ffec511e000 	C:\WINDOWS\System32\msvcrt.dll
0x00007ffec2cd0000 - 0x00007ffec2d6d000 	C:\WINDOWS\System32\msvcp_win.dll
0x00007ffec5050000 - 0x00007ffec507f000 	C:\WINDOWS\System32\IMM32.DLL
0x00007ffeb91a0000 - 0x00007ffeb91ac000 	C:\Users\dlwog\.jdks\temurin-17.0.10\bin\vcruntime140_1.dll
0x00007ffe97be0000 - 0x00007ffe97c6d000 	C:\Users\dlwog\.jdks\temurin-17.0.10\bin\msvcp140.dll
0x00007ffe39150000 - 0x00007ffe39db2000 	C:\Users\dlwog\.jdks\temurin-17.0.10\bin\server\jvm.dll
0x00007ffec4820000 - 0x00007ffec48d0000 	C:\WINDOWS\System32\ADVAPI32.dll
0x00007ffec52c0000 - 0x00007ffec5360000 	C:\WINDOWS\System32\sechost.dll
0x00007ffec4ef0000 - 0x00007ffec5013000 	C:\WINDOWS\System32\RPCRT4.dll
0x00007ffec2ac0000 - 0x00007ffec2ae7000 	C:\WINDOWS\System32\bcrypt.dll
0x00007ffe95fb0000 - 0x00007ffe95fb9000 	C:\WINDOWS\SYSTEM32\WSOCK32.dll
0x00007ffeace70000 - 0x00007ffeace97000 	C:\WINDOWS\SYSTEM32\WINMM.dll
0x00007ffeb76d0000 - 0x00007ffeb76da000 	C:\WINDOWS\SYSTEM32\VERSION.dll
0x00007ffec5360000 - 0x00007ffec53cb000 	C:\WINDOWS\System32\WS2_32.dll
0x00007ffec1ff0000 - 0x00007ffec203b000 	C:\WINDOWS\SYSTEM32\POWRPROF.dll
0x00007ffec1eb0000 - 0x00007ffec1ec2000 	C:\WINDOWS\SYSTEM32\UMPDC.dll
0x00007ffec0b20000 - 0x00007ffec0b32000 	C:\WINDOWS\SYSTEM32\kernel.appcore.dll
0x00007ffea6d60000 - 0x00007ffea6d6a000 	C:\Users\dlwog\.jdks\temurin-17.0.10\bin\jimage.dll
0x00007ffebd300000 - 0x00007ffebd4e4000 	C:\WINDOWS\SYSTEM32\DBGHELP.DLL
0x00007ffeac470000 - 0x00007ffeac4a4000 	C:\WINDOWS\SYSTEM32\dbgcore.DLL
0x00007ffec33b0000 - 0x00007ffec3432000 	C:\WINDOWS\System32\bcryptPrimitives.dll
0x00007ffea6d30000 - 0x00007ffea6d55000 	C:\Users\dlwog\.jdks\temurin-17.0.10\bin\java.dll
0x00007ffe729f0000 - 0x00007ffe72ac7000 	C:\Users\dlwog\.jdks\temurin-17.0.10\bin\jsvml.dll
0x00007ffec3680000 - 0x00007ffec3def000 	C:\WINDOWS\System32\SHELL32.dll
0x00007ffec0b40000 - 0x00007ffec12df000 	C:\WINDOWS\SYSTEM32\windows.storage.dll
0x00007ffec3eb0000 - 0x00007ffec4203000 	C:\WINDOWS\System32\combase.dll
0x00007ffec24e0000 - 0x00007ffec250e000 	C:\WINDOWS\SYSTEM32\Wldp.dll
0x00007ffec4e20000 - 0x00007ffec4eed000 	C:\WINDOWS\System32\OLEAUT32.dll
0x00007ffec3df0000 - 0x00007ffec3e9d000 	C:\WINDOWS\System32\SHCORE.dll
0x00007ffec51f0000 - 0x00007ffec5245000 	C:\WINDOWS\System32\shlwapi.dll
0x00007ffec29f0000 - 0x00007ffec2a14000 	C:\WINDOWS\SYSTEM32\profapi.dll
0x00007ffea6240000 - 0x00007ffea6259000 	C:\Users\dlwog\.jdks\temurin-17.0.10\bin\net.dll
0x00007ffeb49f0000 - 0x00007ffeb4afd000 	C:\WINDOWS\SYSTEM32\WINHTTP.dll
0x00007ffec2240000 - 0x00007ffec22aa000 	C:\WINDOWS\system32\mswsock.dll
0x00007ffea6220000 - 0x00007ffea6236000 	C:\Users\dlwog\.jdks\temurin-17.0.10\bin\nio.dll
0x00007ffea61d0000 - 0x00007ffea61e8000 	C:\Users\dlwog\.jdks\temurin-17.0.10\bin\zip.dll
0x00007ffea33c0000 - 0x00007ffea33d0000 	C:\Users\dlwog\.jdks\temurin-17.0.10\bin\verify.dll
0x00007ffea32f0000 - 0x00007ffea32f9000 	C:\Users\dlwog\.jdks\temurin-17.0.10\bin\attach.dll
0x00007ffec3440000 - 0x00007ffec3448000 	C:\WINDOWS\System32\PSAPI.DLL

dbghelp: loaded successfully - version: 4.0.5 - missing functions: none
symbol engine: initialized successfully - sym options: 0x614 - pdb path: .;C:\Users\dlwog\.jdks\temurin-17.0.10\bin;C:\WINDOWS\SYSTEM32;C:\WINDOWS\WinSxS\amd64_microsoft.windows.common-controls_6595b64144ccf1df_6.0.19041.4355_none_60b8b9eb71f62e16;C:\Users\dlwog\.jdks\temurin-17.0.10\bin\server

VM Arguments:
jvm_args: -Dnet.bytebuddy.agent.attacher.dump= 
java_command: net.bytebuddy.agent.Attacher com.sun.tools.attach.VirtualMachine 15644 C:\Users\dlwog\.gradle\caches\modules-2\files-2.1\net.bytebuddy\byte-buddy-agent\1.14.18\417558ea01fe9f0e8a94af28b9469d281c4e3984\byte-buddy-agent-1.14.18.jar false 
java_class_path (initial): C:\Users\dlwog\.gradle\caches\modules-2\files-2.1\net.bytebuddy\byte-buddy-agent\1.14.18\417558ea01fe9f0e8a94af28b9469d281c4e3984\byte-buddy-agent-1.14.18.jar
Launcher Type: SUN_STANDARD

[Global flags]
     intx CICompilerCount                          = 3                                         {product} {ergonomic}
     uint ConcGCThreads                            = 1                                         {product} {ergonomic}
     uint G1ConcRefinementThreads                  = 4                                         {product} {ergonomic}
   size_t G1HeapRegionSize                         = 1048576                                   {product} {ergonomic}
    uintx GCDrainStackTargetSize                   = 64                                        {product} {ergonomic}
   size_t InitialHeapSize                          = 134217728                                 {product} {ergonomic}
   size_t MarkStackSize                            = 4194304                                   {product} {ergonomic}
   size_t MaxHeapSize                              = 2126512128                                {product} {ergonomic}
   size_t MaxNewSize                               = 1275068416                                {product} {ergonomic}
   size_t MinHeapDeltaBytes                        = 1048576                                   {product} {ergonomic}
   size_t MinHeapSize                              = 8388608                                   {product} {ergonomic}
    uintx NonNMethodCodeHeapSize                   = 5832780                                {pd product} {ergonomic}
    uintx NonProfiledCodeHeapSize                  = 122912730                              {pd product} {ergonomic}
    uintx ProfiledCodeHeapSize                     = 122912730                              {pd product} {ergonomic}
    uintx ReservedCodeCacheSize                    = 251658240                              {pd product} {ergonomic}
     bool SegmentedCodeCache                       = true                                      {product} {ergonomic}
   size_t SoftMaxHeapSize                          = 2126512128                             {manageable} {ergonomic}
     bool UseCompressedClassPointers               = true                           {product lp64_product} {ergonomic}
     bool UseCompressedOops                        = true                           {product lp64_product} {ergonomic}
     bool UseG1GC                                  = true                                      {product} {ergonomic}
     bool UseLargePagesIndividualAllocation        = false                                  {pd product} {ergonomic}

Logging:
Log output configuration:
 #0: stdout all=warning uptime,level,tags
 #1: stderr all=off uptime,level,tags

Environment Variables:
JAVA_HOME=C:\Users\dlwog\OneDrive\Documents\jdk-21.0.2
CLASSPATH=C:\Users\dlwog\OneDrive\Documents\jdk-21.0.2\lib
PATH=C:\Program Files\Common Files\Oracle\Java\javapath;C:\Program Files (x86)\Common Files\Oracle\Java\java8path;C:\Program Files (x86)\Common Files\Oracle\Java\javapath;C:\Users\dlwog\OneDrive\Documents\jdk-21.0.2\bin;C:\Program Files (x86)\Microsoft Visual Studio\2022\BuildTools\VC\Tools\MSVC\14.36.32532\bin\Hostx64\x64;C:\Program Files (x86)\Intel\Intel(R) Management Engine Components\iCLS\;C:\Program Files\Intel\Intel(R) Management Engine Components\iCLS\;C:\windows\system32;C:\windows;C:\windows\System32\Wbem;C:\windows\System32\WindowsPowerShell\v1.0\;C:\windows\System32\OpenSSH\;C:\Program Files (x86)\NVIDIA Corporation\PhysX\Common;C:\Program Files (x86)\Intel\Intel(R) Management Engine Components\DAL;C:\Program Files\Intel\Intel(R) Management Engine Components\DAL;C:\Program Files (x86)\Intel\Intel(R) Management Engine Components\IPT;C:\Program Files\Intel\Intel(R) Management Engine Components\IPT;C:\WINDOWS\system32;C:\WINDOWS;C:\WINDOWS\System32\Wbem;C:\WINDOWS\System32\WindowsPowerShell\v1.0\;C:\WINDOWS\System32\OpenSSH\;C:\Program Files\NVIDIA Corporation\NVIDIA NvDLISR;C:\Program Files (x86)\IVI Foundation\VISA\WinNT\Bin\;C:\Program Files\IVI Foundation\VISA\Win64\Bin\;C:\Program Files (x86)\National Instruments\Shared\LabVIEW CLI;C:\Program Files (x86)\IVI Foundation\IVI\bin;C:\Program Files\IVI Foundation\IVI\bin;C:\Program Files (x86)\IVI Foundation\VISA\WinNT\Bin;C:\Users\dlwog\AppData\Local\Programs\Python\Python311;C:\Users\dlwog\AppData\Local\Programs\Python\Python311\Scripts;C:\Program Files\Git\cmd;C:\Program Files\nodejs\;C:\Program Files\PuTTY\;C:\Program Files (x86)\NetSarang\Xshell 7\;C:\Program Files\MySQL\MySQL Shell 8.0\bin\;C:\Users\dlwog\AppData\Local\Microsoft\WindowsApps;C:\Users\dlwog\AppData\Local\Programs\Microsoft VS Code\bin;C:\Users\dlwog\AppData\Local\afreeca;C:\Users\dlwog\AppData\Local\GitHubDesktop\bin;C:\msys64\mingw64\bin;C:\Users\dlwog\AppData\Roaming\npm;C:\ffmpeg\bin;
USERNAME=dlwog
OS=Windows_NT
PROCESSOR_IDENTIFIER=Intel64 Family 6 Model 158 Stepping 9, GenuineIntel
TMP=C:\Users\dlwog\AppData\Local\Temp
TEMP=C:\Users\dlwog\AppData\Local\Temp



Periodic native trim disabled


---------------  S Y S T E M  ---------------

OS:
 Windows 10 , 64 bit Build 19041 (10.0.19041.4717)
OS uptime: 0 days 8:12 hours

CPU: total 4 (initial active 4) (4 cores per cpu, 1 threads per core) family 6 model 158 stepping 9 microcode 0xb4, cx8, cmov, fxsr, mmx, 3dnowpref, sse, sse2, sse3, ssse3, sse4.1, sse4.2, popcnt, lzcnt, tsc, tscinvbit, avx, avx2, aes, erms, clmul, bmi1, bmi2, adx, fma, vzeroupper, clflush, clflushopt
Processor Information for all 4 processors :
  Max Mhz: 2496, Current Mhz: 2496, Mhz Limit: 2496

Memory: 4k page, system-wide physical 8106M (486M free)
TotalPageFile size 17106M (AvailPageFile size 5M)
current process WorkingSet (physical memory assigned to process): 37M, peak: 37M
current process commit charge ("private bytes"): 201M, peak: 201M

vm_info: OpenJDK 64-Bit Server VM (17.0.10+7) for windows-amd64 JRE (17.0.10+7), built on Jan 16 2024 23:25:11 by "admin" with MS VC++ 16.10 / 16.11 (VS2019)

END.
